<?xml version="1.0" encoding="UTF-8"?>
<robot generator="Robot 3.2.1 (Python 3.8.5 on win32)" generated="20210207 14:24:23.129" rpa="false">
<suite id="s1" name="Testsuiteapi" source="C:\Hopin-QA-Challenge\UI tests\TestCases\api-tests\testsuiteapi.robot">
<test id="s1-t1" name="API 1: POST Response - validate status 200">
<kw name="Create post request">
<kw name="Create Session" library="RequestsLibrary">
<doc>Create Session: create a HTTP session to a server</doc>
<arguments>
<arg>HopinAPI</arg>
<arg>${base_url}</arg>
</arguments>
<msg timestamp="20210207 14:24:23.924" level="INFO">Creating Session using : alias=HopinAPI, url=http://localhost:3001/, headers={},                     cookies={}, auth=None, timeout=None, proxies=None, verify=False,                     debug=0 </msg>
<status status="PASS" starttime="20210207 14:24:23.924" endtime="20210207 14:24:23.925"></status>
</kw>
<kw name="Convert To String" library="BuiltIn">
<doc>Converts the given item to a Unicode string.</doc>
<arguments>
<arg>{"name":"Mahatma Gandhi API"}</arg>
</arguments>
<assign>
<var>${body}</var>
</assign>
<msg timestamp="20210207 14:24:23.925" level="INFO">${body} = {"name":"Mahatma Gandhi API"}</msg>
<status status="PASS" starttime="20210207 14:24:23.925" endtime="20210207 14:24:23.925"></status>
</kw>
<kw name="Create Dictionary" library="BuiltIn">
<doc>Creates and returns a dictionary based on the given ``items``.</doc>
<arguments>
<arg>Content-Type=application/json</arg>
</arguments>
<assign>
<var>${header}</var>
</assign>
<msg timestamp="20210207 14:24:23.926" level="INFO">${header} = {'Content-Type': 'application/json'}</msg>
<status status="PASS" starttime="20210207 14:24:23.925" endtime="20210207 14:24:23.926"></status>
</kw>
<kw name="Post Request" library="RequestsLibrary">
<doc>Send a POST request on the session object found using the
given `alias`</doc>
<arguments>
<arg>HopinAPI</arg>
<arg>uri=</arg>
<arg>data=${body}</arg>
<arg>headers=${header}</arg>
</arguments>
<assign>
<var>${response}</var>
</assign>
<msg timestamp="20210207 14:24:23.938" level="INFO">POST Request : url=http://localhost:3001/ 
 path_url=/ 
 headers={'User-Agent': 'python-requests/2.24.0', 'Accept-Encoding': 'gzip, deflate', 'Accept': '*/*', 'Connection': 'keep-alive', 'Content-Type': 'application/json', 'Content-Length': '29'} 
 body=b'{"name":"Mahatma Gandhi API"}' 
 </msg>
<msg timestamp="20210207 14:24:23.938" level="INFO">POST Response : url=http://localhost:3001/ 
 status=200, reason=OK 
 body={"name":"Mahatma Gandhi API","timestamp":"Sun Feb 07 2021","customers":[{"id":1,"name":"Americas Inc.","employees":10,"contactInfo":{"name":"John Smith","email":"jsmith@americasinc.com"},"size":"Small"},{"id":2,"name":"Caribian Airlnis","employees":1000,"contactInfo":{"name":"Jose Martinez","email":"martines@cair.com"},"size":"Big"},{"id":3,"name":"MacroSoft","employees":540,"contactInfo":{"name":"Bill Paxton","email":"bp@ms.com"},"size":"Medium"},{"id":4,"name":"United Brands","employees":20,"size":"Small"},{"id":5,"name":"Bananas Corp","employees":10000,"contactInfo":{"name":"Xavier Hernandez","email":"xavier@bananas.com"},"size":"Big"},{"id":6,"name":"XPTO.com","employees":102,"contactInfo":{"name":"Daniel Zuck","email":"zuckh@xpto.com"},"size":"Medium"}]} 
 </msg>
<msg timestamp="20210207 14:24:23.938" level="INFO">${response} = &lt;Response [200]&gt;</msg>
<status status="PASS" starttime="20210207 14:24:23.926" endtime="20210207 14:24:23.938"></status>
</kw>
<kw name="Set Global Variable" library="BuiltIn">
<doc>Makes a variable available globally in all tests and suites.</doc>
<arguments>
<arg>${response}</arg>
</arguments>
<msg timestamp="20210207 14:24:23.939" level="INFO">${response} = &lt;Response [200]&gt;</msg>
<status status="PASS" starttime="20210207 14:24:23.939" endtime="20210207 14:24:23.939"></status>
</kw>
<kw name="To Json" library="RequestsLibrary">
<doc>Convert a string to a JSON object</doc>
<arguments>
<arg>${response.content}</arg>
</arguments>
<assign>
<var>${json_object}</var>
</assign>
<msg timestamp="20210207 14:24:23.940" level="INFO">To JSON using : content={"name":"Mahatma Gandhi API","timestamp":"Sun Feb 07 2021","customers":[{"id":1,"name":"Americas Inc.","employees":10,"contactInfo":{"name":"John Smith","email":"jsmith@americasinc.com"},"size":"Small"},{"id":2,"name":"Caribian Airlnis","employees":1000,"contactInfo":{"name":"Jose Martinez","email":"martines@cair.com"},"size":"Big"},{"id":3,"name":"MacroSoft","employees":540,"contactInfo":{"name":"Bill Paxton","email":"bp@ms.com"},"size":"Medium"},{"id":4,"name":"United Brands","employees":20,"size":"Small"},{"id":5,"name":"Bananas Corp","employees":10000,"contactInfo":{"name":"Xavier Hernandez","email":"xavier@bananas.com"},"size":"Big"},{"id":6,"name":"XPTO.com","employees":102,"contactInfo":{"name":"Daniel Zuck","email":"zuckh@xpto.com"},"size":"Medium"}]} </msg>
<msg timestamp="20210207 14:24:23.940" level="INFO">To JSON using : pretty_print=False </msg>
<msg timestamp="20210207 14:24:23.940" level="INFO">${json_object} = {'name': 'Mahatma Gandhi API', 'timestamp': 'Sun Feb 07 2021', 'customers': [{'id': 1, 'name': 'Americas Inc.', 'employees': 10, 'contactInfo': {'name': 'John Smith', 'email': 'jsmith@americasinc.com'...</msg>
<status status="PASS" starttime="20210207 14:24:23.939" endtime="20210207 14:24:23.940"></status>
</kw>
<kw name="Set Global Variable" library="BuiltIn">
<doc>Makes a variable available globally in all tests and suites.</doc>
<arguments>
<arg>${json_object}</arg>
</arguments>
<msg timestamp="20210207 14:24:23.940" level="INFO">${json_object} = {'name': 'Mahatma Gandhi API', 'timestamp': 'Sun Feb 07 2021', 'customers': [{'id': 1, 'name': 'Americas Inc.', 'employees': 10, 'contactInfo': {'name': 'John Smith', 'email': 'jsmith@americasinc.com'...</msg>
<status status="PASS" starttime="20210207 14:24:23.940" endtime="20210207 14:24:23.940"></status>
</kw>
<status status="PASS" starttime="20210207 14:24:23.924" endtime="20210207 14:24:23.941"></status>
</kw>
<kw name="Log To Console" library="BuiltIn">
<doc>Logs the given message to the console.</doc>
<arguments>
<arg>${response.status_code}</arg>
</arguments>
<status status="PASS" starttime="20210207 14:24:23.941" endtime="20210207 14:24:23.942"></status>
</kw>
<kw name="Log To Console" library="BuiltIn">
<doc>Logs the given message to the console.</doc>
<arguments>
<arg>${response.content}</arg>
</arguments>
<status status="PASS" starttime="20210207 14:24:23.942" endtime="20210207 14:24:23.943"></status>
</kw>
<kw name="Log To Console" library="BuiltIn">
<doc>Logs the given message to the console.</doc>
<arguments>
<arg>${response.headers}</arg>
</arguments>
<status status="PASS" starttime="20210207 14:24:23.943" endtime="20210207 14:24:23.944"></status>
</kw>
<kw name="Convert To String" library="BuiltIn">
<doc>Converts the given item to a Unicode string.</doc>
<arguments>
<arg>${response.status_code}</arg>
</arguments>
<assign>
<var>${status_code}</var>
</assign>
<msg timestamp="20210207 14:24:23.945" level="INFO">${status_code} = 200</msg>
<status status="PASS" starttime="20210207 14:24:23.944" endtime="20210207 14:24:23.945"></status>
</kw>
<kw name="Should Be Equal" library="BuiltIn">
<doc>Fails if the given objects are unequal.</doc>
<arguments>
<arg>${status_code}</arg>
<arg>200</arg>
</arguments>
<status status="PASS" starttime="20210207 14:24:23.945" endtime="20210207 14:24:23.945"></status>
</kw>
<tags>
<tag>API Test</tag>
</tags>
<status status="PASS" starttime="20210207 14:24:23.923" endtime="20210207 14:24:23.946" critical="yes"></status>
</test>
<test id="s1-t2" name="API 2: POST Response - validate name and response is as previously seen">
<kw name="Create post request">
<kw name="Create Session" library="RequestsLibrary">
<doc>Create Session: create a HTTP session to a server</doc>
<arguments>
<arg>HopinAPI</arg>
<arg>${base_url}</arg>
</arguments>
<msg timestamp="20210207 14:24:23.949" level="INFO">Creating Session using : alias=HopinAPI, url=http://localhost:3001/, headers={},                     cookies={}, auth=None, timeout=None, proxies=None, verify=False,                     debug=0 </msg>
<status status="PASS" starttime="20210207 14:24:23.948" endtime="20210207 14:24:23.949"></status>
</kw>
<kw name="Convert To String" library="BuiltIn">
<doc>Converts the given item to a Unicode string.</doc>
<arguments>
<arg>{"name":"Mahatma Gandhi API"}</arg>
</arguments>
<assign>
<var>${body}</var>
</assign>
<msg timestamp="20210207 14:24:23.949" level="INFO">${body} = {"name":"Mahatma Gandhi API"}</msg>
<status status="PASS" starttime="20210207 14:24:23.949" endtime="20210207 14:24:23.950"></status>
</kw>
<kw name="Create Dictionary" library="BuiltIn">
<doc>Creates and returns a dictionary based on the given ``items``.</doc>
<arguments>
<arg>Content-Type=application/json</arg>
</arguments>
<assign>
<var>${header}</var>
</assign>
<msg timestamp="20210207 14:24:23.950" level="INFO">${header} = {'Content-Type': 'application/json'}</msg>
<status status="PASS" starttime="20210207 14:24:23.950" endtime="20210207 14:24:23.950"></status>
</kw>
<kw name="Post Request" library="RequestsLibrary">
<doc>Send a POST request on the session object found using the
given `alias`</doc>
<arguments>
<arg>HopinAPI</arg>
<arg>uri=</arg>
<arg>data=${body}</arg>
<arg>headers=${header}</arg>
</arguments>
<assign>
<var>${response}</var>
</assign>
<msg timestamp="20210207 14:24:23.955" level="INFO">POST Request : url=http://localhost:3001/ 
 path_url=/ 
 headers={'User-Agent': 'python-requests/2.24.0', 'Accept-Encoding': 'gzip, deflate', 'Accept': '*/*', 'Connection': 'keep-alive', 'Content-Type': 'application/json', 'Content-Length': '29'} 
 body=b'{"name":"Mahatma Gandhi API"}' 
 </msg>
<msg timestamp="20210207 14:24:23.955" level="INFO">POST Response : url=http://localhost:3001/ 
 status=200, reason=OK 
 body={"name":"Mahatma Gandhi API","timestamp":"Sun Feb 07 2021","customers":[{"id":1,"name":"Americas Inc.","employees":10,"contactInfo":{"name":"John Smith","email":"jsmith@americasinc.com"},"size":"Small"},{"id":2,"name":"Caribian Airlnis","employees":1000,"contactInfo":{"name":"Jose Martinez","email":"martines@cair.com"},"size":"Big"},{"id":3,"name":"MacroSoft","employees":540,"contactInfo":{"name":"Bill Paxton","email":"bp@ms.com"},"size":"Medium"},{"id":4,"name":"United Brands","employees":20,"size":"Small"},{"id":5,"name":"Bananas Corp","employees":10000,"contactInfo":{"name":"Xavier Hernandez","email":"xavier@bananas.com"},"size":"Big"},{"id":6,"name":"XPTO.com","employees":102,"contactInfo":{"name":"Daniel Zuck","email":"zuckh@xpto.com"},"size":"Medium"}]} 
 </msg>
<msg timestamp="20210207 14:24:23.955" level="INFO">${response} = &lt;Response [200]&gt;</msg>
<status status="PASS" starttime="20210207 14:24:23.950" endtime="20210207 14:24:23.955"></status>
</kw>
<kw name="Set Global Variable" library="BuiltIn">
<doc>Makes a variable available globally in all tests and suites.</doc>
<arguments>
<arg>${response}</arg>
</arguments>
<msg timestamp="20210207 14:24:23.956" level="INFO">${response} = &lt;Response [200]&gt;</msg>
<status status="PASS" starttime="20210207 14:24:23.955" endtime="20210207 14:24:23.956"></status>
</kw>
<kw name="To Json" library="RequestsLibrary">
<doc>Convert a string to a JSON object</doc>
<arguments>
<arg>${response.content}</arg>
</arguments>
<assign>
<var>${json_object}</var>
</assign>
<msg timestamp="20210207 14:24:23.957" level="INFO">To JSON using : content={"name":"Mahatma Gandhi API","timestamp":"Sun Feb 07 2021","customers":[{"id":1,"name":"Americas Inc.","employees":10,"contactInfo":{"name":"John Smith","email":"jsmith@americasinc.com"},"size":"Small"},{"id":2,"name":"Caribian Airlnis","employees":1000,"contactInfo":{"name":"Jose Martinez","email":"martines@cair.com"},"size":"Big"},{"id":3,"name":"MacroSoft","employees":540,"contactInfo":{"name":"Bill Paxton","email":"bp@ms.com"},"size":"Medium"},{"id":4,"name":"United Brands","employees":20,"size":"Small"},{"id":5,"name":"Bananas Corp","employees":10000,"contactInfo":{"name":"Xavier Hernandez","email":"xavier@bananas.com"},"size":"Big"},{"id":6,"name":"XPTO.com","employees":102,"contactInfo":{"name":"Daniel Zuck","email":"zuckh@xpto.com"},"size":"Medium"}]} </msg>
<msg timestamp="20210207 14:24:23.957" level="INFO">To JSON using : pretty_print=False </msg>
<msg timestamp="20210207 14:24:23.957" level="INFO">${json_object} = {'name': 'Mahatma Gandhi API', 'timestamp': 'Sun Feb 07 2021', 'customers': [{'id': 1, 'name': 'Americas Inc.', 'employees': 10, 'contactInfo': {'name': 'John Smith', 'email': 'jsmith@americasinc.com'...</msg>
<status status="PASS" starttime="20210207 14:24:23.956" endtime="20210207 14:24:23.957"></status>
</kw>
<kw name="Set Global Variable" library="BuiltIn">
<doc>Makes a variable available globally in all tests and suites.</doc>
<arguments>
<arg>${json_object}</arg>
</arguments>
<msg timestamp="20210207 14:24:23.957" level="INFO">${json_object} = {'name': 'Mahatma Gandhi API', 'timestamp': 'Sun Feb 07 2021', 'customers': [{'id': 1, 'name': 'Americas Inc.', 'employees': 10, 'contactInfo': {'name': 'John Smith', 'email': 'jsmith@americasinc.com'...</msg>
<status status="PASS" starttime="20210207 14:24:23.957" endtime="20210207 14:24:23.958"></status>
</kw>
<status status="PASS" starttime="20210207 14:24:23.948" endtime="20210207 14:24:23.958"></status>
</kw>
<kw name="Get Value From Json" library="JSONLibrary">
<doc>Get Value From JSON using JSONPath</doc>
<arguments>
<arg>${json_object}</arg>
<arg>$.name</arg>
</arguments>
<assign>
<var>${user_name}</var>
</assign>
<msg timestamp="20210207 14:24:24.019" level="INFO">${user_name} = ['Mahatma Gandhi API']</msg>
<status status="PASS" starttime="20210207 14:24:23.958" endtime="20210207 14:24:24.019"></status>
</kw>
<kw name="Log To Console" library="BuiltIn">
<doc>Logs the given message to the console.</doc>
<arguments>
<arg>${user_name[0]}</arg>
</arguments>
<status status="PASS" starttime="20210207 14:24:24.020" endtime="20210207 14:24:24.020"></status>
</kw>
<kw name="Should Be Equal" library="BuiltIn">
<doc>Fails if the given objects are unequal.</doc>
<arguments>
<arg>${user_name[0]}</arg>
<arg>Mahatma Gandhi API</arg>
</arguments>
<status status="PASS" starttime="20210207 14:24:24.021" endtime="20210207 14:24:24.021"></status>
</kw>
<kw name="Convert To String" library="BuiltIn">
<doc>Converts the given item to a Unicode string.</doc>
<arguments>
<arg>${response.content}</arg>
</arguments>
<assign>
<var>${res_body}</var>
</assign>
<msg timestamp="20210207 14:24:24.022" level="INFO">${res_body} = {"name":"Mahatma Gandhi API","timestamp":"Sun Feb 07 2021","customers":[{"id":1,"name":"Americas Inc.","employees":10,"contactInfo":{"name":"John Smith","email":"jsmith@americasinc.com"},"size":"Small...</msg>
<status status="PASS" starttime="20210207 14:24:24.022" endtime="20210207 14:24:24.022"></status>
</kw>
<kw name="Should Contain" library="BuiltIn">
<doc>Fails if ``container`` does not contain ``item`` one or more times.</doc>
<arguments>
<arg>${res_body}</arg>
<arg>{"name":"Mahatma Gandhi API","timestamp":"Sun Feb 07 2021","customers":[{"id":1,"name":"Americas Inc.","employees":10,"contactInfo":{"name":"John Smith","email":"jsmith@americasinc.com"},"size":"Small"},{"id":2,"name":"Caribian Airlnis","employees":1000,"contactInfo":{"name":"Jose Martinez","email":"martines@cair.com"},"size":"Big"},{"id":3,"name":"MacroSoft","employees":540,"contactInfo":{"name":"Bill Paxton","email":"bp@ms.com"},"size":"Medium"},{"id":4,"name":"United Brands","employees":20,"size":"Small"},{"id":5,"name":"Bananas Corp","employees":10000,"contactInfo":{"name":"Xavier Hernandez","email":"xavier@bananas.com"},"size":"Big"},{"id":6,"name":"XPTO.com","employees":102,"contactInfo":{"name":"Daniel Zuck","email":"zuckh@xpto.com"},"size":"Medium"}]}</arg>
</arguments>
<status status="PASS" starttime="20210207 14:24:24.022" endtime="20210207 14:24:24.023"></status>
</kw>
<tags>
<tag>API Test</tag>
</tags>
<status status="PASS" starttime="20210207 14:24:23.947" endtime="20210207 14:24:24.024" critical="yes"></status>
</test>
<test id="s1-t3" name="API 3: POST Response - if no contact info then no contactInfo attribute">
<kw name="Create post request">
<kw name="Create Session" library="RequestsLibrary">
<doc>Create Session: create a HTTP session to a server</doc>
<arguments>
<arg>HopinAPI</arg>
<arg>${base_url}</arg>
</arguments>
<msg timestamp="20210207 14:24:24.032" level="INFO">Creating Session using : alias=HopinAPI, url=http://localhost:3001/, headers={},                     cookies={}, auth=None, timeout=None, proxies=None, verify=False,                     debug=0 </msg>
<status status="PASS" starttime="20210207 14:24:24.031" endtime="20210207 14:24:24.032"></status>
</kw>
<kw name="Convert To String" library="BuiltIn">
<doc>Converts the given item to a Unicode string.</doc>
<arguments>
<arg>{"name":"Mahatma Gandhi API"}</arg>
</arguments>
<assign>
<var>${body}</var>
</assign>
<msg timestamp="20210207 14:24:24.032" level="INFO">${body} = {"name":"Mahatma Gandhi API"}</msg>
<status status="PASS" starttime="20210207 14:24:24.032" endtime="20210207 14:24:24.032"></status>
</kw>
<kw name="Create Dictionary" library="BuiltIn">
<doc>Creates and returns a dictionary based on the given ``items``.</doc>
<arguments>
<arg>Content-Type=application/json</arg>
</arguments>
<assign>
<var>${header}</var>
</assign>
<msg timestamp="20210207 14:24:24.033" level="INFO">${header} = {'Content-Type': 'application/json'}</msg>
<status status="PASS" starttime="20210207 14:24:24.033" endtime="20210207 14:24:24.033"></status>
</kw>
<kw name="Post Request" library="RequestsLibrary">
<doc>Send a POST request on the session object found using the
given `alias`</doc>
<arguments>
<arg>HopinAPI</arg>
<arg>uri=</arg>
<arg>data=${body}</arg>
<arg>headers=${header}</arg>
</arguments>
<assign>
<var>${response}</var>
</assign>
<msg timestamp="20210207 14:24:24.038" level="INFO">POST Request : url=http://localhost:3001/ 
 path_url=/ 
 headers={'User-Agent': 'python-requests/2.24.0', 'Accept-Encoding': 'gzip, deflate', 'Accept': '*/*', 'Connection': 'keep-alive', 'Content-Type': 'application/json', 'Content-Length': '29'} 
 body=b'{"name":"Mahatma Gandhi API"}' 
 </msg>
<msg timestamp="20210207 14:24:24.038" level="INFO">POST Response : url=http://localhost:3001/ 
 status=200, reason=OK 
 body={"name":"Mahatma Gandhi API","timestamp":"Sun Feb 07 2021","customers":[{"id":1,"name":"Americas Inc.","employees":10,"contactInfo":{"name":"John Smith","email":"jsmith@americasinc.com"},"size":"Small"},{"id":2,"name":"Caribian Airlnis","employees":1000,"contactInfo":{"name":"Jose Martinez","email":"martines@cair.com"},"size":"Big"},{"id":3,"name":"MacroSoft","employees":540,"contactInfo":{"name":"Bill Paxton","email":"bp@ms.com"},"size":"Medium"},{"id":4,"name":"United Brands","employees":20,"size":"Small"},{"id":5,"name":"Bananas Corp","employees":10000,"contactInfo":{"name":"Xavier Hernandez","email":"xavier@bananas.com"},"size":"Big"},{"id":6,"name":"XPTO.com","employees":102,"contactInfo":{"name":"Daniel Zuck","email":"zuckh@xpto.com"},"size":"Medium"}]} 
 </msg>
<msg timestamp="20210207 14:24:24.038" level="INFO">${response} = &lt;Response [200]&gt;</msg>
<status status="PASS" starttime="20210207 14:24:24.033" endtime="20210207 14:24:24.038"></status>
</kw>
<kw name="Set Global Variable" library="BuiltIn">
<doc>Makes a variable available globally in all tests and suites.</doc>
<arguments>
<arg>${response}</arg>
</arguments>
<msg timestamp="20210207 14:24:24.039" level="INFO">${response} = &lt;Response [200]&gt;</msg>
<status status="PASS" starttime="20210207 14:24:24.039" endtime="20210207 14:24:24.039"></status>
</kw>
<kw name="To Json" library="RequestsLibrary">
<doc>Convert a string to a JSON object</doc>
<arguments>
<arg>${response.content}</arg>
</arguments>
<assign>
<var>${json_object}</var>
</assign>
<msg timestamp="20210207 14:24:24.040" level="INFO">To JSON using : content={"name":"Mahatma Gandhi API","timestamp":"Sun Feb 07 2021","customers":[{"id":1,"name":"Americas Inc.","employees":10,"contactInfo":{"name":"John Smith","email":"jsmith@americasinc.com"},"size":"Small"},{"id":2,"name":"Caribian Airlnis","employees":1000,"contactInfo":{"name":"Jose Martinez","email":"martines@cair.com"},"size":"Big"},{"id":3,"name":"MacroSoft","employees":540,"contactInfo":{"name":"Bill Paxton","email":"bp@ms.com"},"size":"Medium"},{"id":4,"name":"United Brands","employees":20,"size":"Small"},{"id":5,"name":"Bananas Corp","employees":10000,"contactInfo":{"name":"Xavier Hernandez","email":"xavier@bananas.com"},"size":"Big"},{"id":6,"name":"XPTO.com","employees":102,"contactInfo":{"name":"Daniel Zuck","email":"zuckh@xpto.com"},"size":"Medium"}]} </msg>
<msg timestamp="20210207 14:24:24.040" level="INFO">To JSON using : pretty_print=False </msg>
<msg timestamp="20210207 14:24:24.040" level="INFO">${json_object} = {'name': 'Mahatma Gandhi API', 'timestamp': 'Sun Feb 07 2021', 'customers': [{'id': 1, 'name': 'Americas Inc.', 'employees': 10, 'contactInfo': {'name': 'John Smith', 'email': 'jsmith@americasinc.com'...</msg>
<status status="PASS" starttime="20210207 14:24:24.039" endtime="20210207 14:24:24.040"></status>
</kw>
<kw name="Set Global Variable" library="BuiltIn">
<doc>Makes a variable available globally in all tests and suites.</doc>
<arguments>
<arg>${json_object}</arg>
</arguments>
<msg timestamp="20210207 14:24:24.040" level="INFO">${json_object} = {'name': 'Mahatma Gandhi API', 'timestamp': 'Sun Feb 07 2021', 'customers': [{'id': 1, 'name': 'Americas Inc.', 'employees': 10, 'contactInfo': {'name': 'John Smith', 'email': 'jsmith@americasinc.com'...</msg>
<status status="PASS" starttime="20210207 14:24:24.040" endtime="20210207 14:24:24.041"></status>
</kw>
<status status="PASS" starttime="20210207 14:24:24.031" endtime="20210207 14:24:24.041"></status>
</kw>
<kw name="Get Value From Json" library="JSONLibrary">
<doc>Get Value From JSON using JSONPath</doc>
<arguments>
<arg>${json_object}</arg>
<arg>$.customers[3]</arg>
</arguments>
<assign>
<var>${customer_without_contactdetails}</var>
</assign>
<msg timestamp="20210207 14:24:24.079" level="INFO">${customer_without_contactdetails} = [{'id': 4, 'name': 'United Brands', 'employees': 20, 'size': 'Small'}]</msg>
<status status="PASS" starttime="20210207 14:24:24.042" endtime="20210207 14:24:24.079"></status>
</kw>
<kw name="Log To Console" library="BuiltIn">
<doc>Logs the given message to the console.</doc>
<arguments>
<arg>${customer_without_contactdetails}</arg>
</arguments>
<status status="PASS" starttime="20210207 14:24:24.080" endtime="20210207 14:24:24.080"></status>
</kw>
<kw name="Should Not Contain" library="BuiltIn">
<doc>Fails if ``container`` contains ``item`` one or more times.</doc>
<arguments>
<arg>${customer_without_contactdetails}</arg>
<arg>contactInfo</arg>
</arguments>
<status status="PASS" starttime="20210207 14:24:24.081" endtime="20210207 14:24:24.081"></status>
</kw>
<tags>
<tag>API Test</tag>
</tags>
<status status="PASS" starttime="20210207 14:24:24.025" endtime="20210207 14:24:24.081" critical="yes"></status>
</test>
<test id="s1-t4" name="API 4: POST Response - validate SIZE attribute logic">
<kw name="Create post request">
<kw name="Create Session" library="RequestsLibrary">
<doc>Create Session: create a HTTP session to a server</doc>
<arguments>
<arg>HopinAPI</arg>
<arg>${base_url}</arg>
</arguments>
<msg timestamp="20210207 14:24:24.084" level="INFO">Creating Session using : alias=HopinAPI, url=http://localhost:3001/, headers={},                     cookies={}, auth=None, timeout=None, proxies=None, verify=False,                     debug=0 </msg>
<status status="PASS" starttime="20210207 14:24:24.084" endtime="20210207 14:24:24.084"></status>
</kw>
<kw name="Convert To String" library="BuiltIn">
<doc>Converts the given item to a Unicode string.</doc>
<arguments>
<arg>{"name":"Mahatma Gandhi API"}</arg>
</arguments>
<assign>
<var>${body}</var>
</assign>
<msg timestamp="20210207 14:24:24.084" level="INFO">${body} = {"name":"Mahatma Gandhi API"}</msg>
<status status="PASS" starttime="20210207 14:24:24.084" endtime="20210207 14:24:24.085"></status>
</kw>
<kw name="Create Dictionary" library="BuiltIn">
<doc>Creates and returns a dictionary based on the given ``items``.</doc>
<arguments>
<arg>Content-Type=application/json</arg>
</arguments>
<assign>
<var>${header}</var>
</assign>
<msg timestamp="20210207 14:24:24.085" level="INFO">${header} = {'Content-Type': 'application/json'}</msg>
<status status="PASS" starttime="20210207 14:24:24.085" endtime="20210207 14:24:24.085"></status>
</kw>
<kw name="Post Request" library="RequestsLibrary">
<doc>Send a POST request on the session object found using the
given `alias`</doc>
<arguments>
<arg>HopinAPI</arg>
<arg>uri=</arg>
<arg>data=${body}</arg>
<arg>headers=${header}</arg>
</arguments>
<assign>
<var>${response}</var>
</assign>
<msg timestamp="20210207 14:24:24.092" level="INFO">POST Request : url=http://localhost:3001/ 
 path_url=/ 
 headers={'User-Agent': 'python-requests/2.24.0', 'Accept-Encoding': 'gzip, deflate', 'Accept': '*/*', 'Connection': 'keep-alive', 'Content-Type': 'application/json', 'Content-Length': '29'} 
 body=b'{"name":"Mahatma Gandhi API"}' 
 </msg>
<msg timestamp="20210207 14:24:24.092" level="INFO">POST Response : url=http://localhost:3001/ 
 status=200, reason=OK 
 body={"name":"Mahatma Gandhi API","timestamp":"Sun Feb 07 2021","customers":[{"id":1,"name":"Americas Inc.","employees":10,"contactInfo":{"name":"John Smith","email":"jsmith@americasinc.com"},"size":"Small"},{"id":2,"name":"Caribian Airlnis","employees":1000,"contactInfo":{"name":"Jose Martinez","email":"martines@cair.com"},"size":"Big"},{"id":3,"name":"MacroSoft","employees":540,"contactInfo":{"name":"Bill Paxton","email":"bp@ms.com"},"size":"Medium"},{"id":4,"name":"United Brands","employees":20,"size":"Small"},{"id":5,"name":"Bananas Corp","employees":10000,"contactInfo":{"name":"Xavier Hernandez","email":"xavier@bananas.com"},"size":"Big"},{"id":6,"name":"XPTO.com","employees":102,"contactInfo":{"name":"Daniel Zuck","email":"zuckh@xpto.com"},"size":"Medium"}]} 
 </msg>
<msg timestamp="20210207 14:24:24.092" level="INFO">${response} = &lt;Response [200]&gt;</msg>
<status status="PASS" starttime="20210207 14:24:24.085" endtime="20210207 14:24:24.092"></status>
</kw>
<kw name="Set Global Variable" library="BuiltIn">
<doc>Makes a variable available globally in all tests and suites.</doc>
<arguments>
<arg>${response}</arg>
</arguments>
<msg timestamp="20210207 14:24:24.094" level="INFO">${response} = &lt;Response [200]&gt;</msg>
<status status="PASS" starttime="20210207 14:24:24.093" endtime="20210207 14:24:24.094"></status>
</kw>
<kw name="To Json" library="RequestsLibrary">
<doc>Convert a string to a JSON object</doc>
<arguments>
<arg>${response.content}</arg>
</arguments>
<assign>
<var>${json_object}</var>
</assign>
<msg timestamp="20210207 14:24:24.095" level="INFO">To JSON using : content={"name":"Mahatma Gandhi API","timestamp":"Sun Feb 07 2021","customers":[{"id":1,"name":"Americas Inc.","employees":10,"contactInfo":{"name":"John Smith","email":"jsmith@americasinc.com"},"size":"Small"},{"id":2,"name":"Caribian Airlnis","employees":1000,"contactInfo":{"name":"Jose Martinez","email":"martines@cair.com"},"size":"Big"},{"id":3,"name":"MacroSoft","employees":540,"contactInfo":{"name":"Bill Paxton","email":"bp@ms.com"},"size":"Medium"},{"id":4,"name":"United Brands","employees":20,"size":"Small"},{"id":5,"name":"Bananas Corp","employees":10000,"contactInfo":{"name":"Xavier Hernandez","email":"xavier@bananas.com"},"size":"Big"},{"id":6,"name":"XPTO.com","employees":102,"contactInfo":{"name":"Daniel Zuck","email":"zuckh@xpto.com"},"size":"Medium"}]} </msg>
<msg timestamp="20210207 14:24:24.095" level="INFO">To JSON using : pretty_print=False </msg>
<msg timestamp="20210207 14:24:24.095" level="INFO">${json_object} = {'name': 'Mahatma Gandhi API', 'timestamp': 'Sun Feb 07 2021', 'customers': [{'id': 1, 'name': 'Americas Inc.', 'employees': 10, 'contactInfo': {'name': 'John Smith', 'email': 'jsmith@americasinc.com'...</msg>
<status status="PASS" starttime="20210207 14:24:24.094" endtime="20210207 14:24:24.095"></status>
</kw>
<kw name="Set Global Variable" library="BuiltIn">
<doc>Makes a variable available globally in all tests and suites.</doc>
<arguments>
<arg>${json_object}</arg>
</arguments>
<msg timestamp="20210207 14:24:24.096" level="INFO">${json_object} = {'name': 'Mahatma Gandhi API', 'timestamp': 'Sun Feb 07 2021', 'customers': [{'id': 1, 'name': 'Americas Inc.', 'employees': 10, 'contactInfo': {'name': 'John Smith', 'email': 'jsmith@americasinc.com'...</msg>
<status status="PASS" starttime="20210207 14:24:24.096" endtime="20210207 14:24:24.097"></status>
</kw>
<status status="PASS" starttime="20210207 14:24:24.083" endtime="20210207 14:24:24.097"></status>
</kw>
<kw name="Get Value From Json" library="JSONLibrary">
<doc>Get Value From JSON using JSONPath</doc>
<arguments>
<arg>${json_object}</arg>
<arg>$.customers[0:].employees</arg>
</arguments>
<assign>
<var>@{employee_count_list}</var>
</assign>
<msg timestamp="20210207 14:24:24.130" level="INFO">@{employee_count_list} = [ 10 | 1000 | 540 | 20 | 10000 | 102 ]</msg>
<status status="PASS" starttime="20210207 14:24:24.097" endtime="20210207 14:24:24.131"></status>
</kw>
<kw name="Get Value From Json" library="JSONLibrary">
<doc>Get Value From JSON using JSONPath</doc>
<arguments>
<arg>${json_object}</arg>
<arg>$.customers[0:].size</arg>
</arguments>
<assign>
<var>@{business_size_list}</var>
</assign>
<msg timestamp="20210207 14:24:24.170" level="INFO">@{business_size_list} = [ Small | Big | Medium | Small | Big | Medium ]</msg>
<status status="PASS" starttime="20210207 14:24:24.131" endtime="20210207 14:24:24.170"></status>
</kw>
<kw name="${employee_count} | ${business_size} IN ZIP [ ${employee_count_list} | ${business_size_list} ]" type="for">
<kw name="${employee_count} = 10, ${business_size} = Small" type="foritem">
<kw name="Log To Console" library="BuiltIn">
<doc>Logs the given message to the console.</doc>
<arguments>
<arg>Employee Count: ${employee_count}</arg>
</arguments>
<status status="PASS" starttime="20210207 14:24:24.171" endtime="20210207 14:24:24.172"></status>
</kw>
<kw name="Log To Console" library="BuiltIn">
<doc>Logs the given message to the console.</doc>
<arguments>
<arg>Business Size: ${business_size}</arg>
</arguments>
<status status="PASS" starttime="20210207 14:24:24.173" endtime="20210207 14:24:24.174"></status>
</kw>
<kw name="Run Keyword If" library="BuiltIn">
<doc>Runs the given keyword with the given arguments, if ``condition`` is true.</doc>
<arguments>
<arg>${employee_count} &lt;= 100 and "${business_size}" == "Small"</arg>
<arg>TESTPASS</arg>
<arg>ELSE IF</arg>
<arg>${employee_count} &gt; 100 &lt;= 1000 and "${business_size}" == "Medium"</arg>
<arg>TESTPASS</arg>
<arg>ELSE IF</arg>
<arg>${employee_count} &gt;= 1001 and "${business_size}" == "Big"</arg>
<arg>TESTPASS</arg>
<arg>ELSE</arg>
<arg>Run Keyword And Continue On Failure</arg>
<arg>TESTFAILED</arg>
</arguments>
<kw name="TESTPASS">
<kw name="Log To Console" library="BuiltIn">
<doc>Logs the given message to the console.</doc>
<arguments>
<arg>Test PASSED: Business Size attribute is as per expected logic</arg>
</arguments>
<status status="PASS" starttime="20210207 14:24:24.175" endtime="20210207 14:24:24.175"></status>
</kw>
<status status="PASS" starttime="20210207 14:24:24.175" endtime="20210207 14:24:24.176"></status>
</kw>
<status status="PASS" starttime="20210207 14:24:24.174" endtime="20210207 14:24:24.176"></status>
</kw>
<status status="PASS" starttime="20210207 14:24:24.171" endtime="20210207 14:24:24.176"></status>
</kw>
<kw name="${employee_count} = 1000, ${business_size} = Big" type="foritem">
<kw name="Log To Console" library="BuiltIn">
<doc>Logs the given message to the console.</doc>
<arguments>
<arg>Employee Count: ${employee_count}</arg>
</arguments>
<status status="PASS" starttime="20210207 14:24:24.176" endtime="20210207 14:24:24.176"></status>
</kw>
<kw name="Log To Console" library="BuiltIn">
<doc>Logs the given message to the console.</doc>
<arguments>
<arg>Business Size: ${business_size}</arg>
</arguments>
<status status="PASS" starttime="20210207 14:24:24.176" endtime="20210207 14:24:24.177"></status>
</kw>
<kw name="Run Keyword If" library="BuiltIn">
<doc>Runs the given keyword with the given arguments, if ``condition`` is true.</doc>
<arguments>
<arg>${employee_count} &lt;= 100 and "${business_size}" == "Small"</arg>
<arg>TESTPASS</arg>
<arg>ELSE IF</arg>
<arg>${employee_count} &gt; 100 &lt;= 1000 and "${business_size}" == "Medium"</arg>
<arg>TESTPASS</arg>
<arg>ELSE IF</arg>
<arg>${employee_count} &gt;= 1001 and "${business_size}" == "Big"</arg>
<arg>TESTPASS</arg>
<arg>ELSE</arg>
<arg>Run Keyword And Continue On Failure</arg>
<arg>TESTFAILED</arg>
</arguments>
<kw name="Run Keyword And Continue On Failure" library="BuiltIn">
<doc>Runs the keyword and continues execution even if a failure occurs.</doc>
<arguments>
<arg>TESTFAILED</arg>
</arguments>
<kw name="TESTFAILED">
<kw name="Log To Console" library="BuiltIn">
<doc>Logs the given message to the console.</doc>
<arguments>
<arg>Test FAILED: Business Size attribute is NOT as per expected logic</arg>
</arguments>
<status status="PASS" starttime="20210207 14:24:24.178" endtime="20210207 14:24:24.179"></status>
</kw>
<kw name="Fail" library="BuiltIn">
<doc>Fails the test with the given message and optionally alters its tags.</doc>
<arguments>
<arg>Test FAILED: Business Size attribute is NOT as per expected logic</arg>
</arguments>
<msg timestamp="20210207 14:24:24.179" level="FAIL">Test FAILED: Business Size attribute is NOT as per expected logic</msg>
<status status="FAIL" starttime="20210207 14:24:24.179" endtime="20210207 14:24:24.179"></status>
</kw>
<status status="FAIL" starttime="20210207 14:24:24.178" endtime="20210207 14:24:24.179"></status>
</kw>
<status status="FAIL" starttime="20210207 14:24:24.178" endtime="20210207 14:24:24.180"></status>
</kw>
<status status="FAIL" starttime="20210207 14:24:24.177" endtime="20210207 14:24:24.180"></status>
</kw>
<status status="FAIL" starttime="20210207 14:24:24.176" endtime="20210207 14:24:24.180"></status>
</kw>
<kw name="${employee_count} = 540, ${business_size} = Medium" type="foritem">
<kw name="Log To Console" library="BuiltIn">
<doc>Logs the given message to the console.</doc>
<arguments>
<arg>Employee Count: ${employee_count}</arg>
</arguments>
<status status="PASS" starttime="20210207 14:24:24.180" endtime="20210207 14:24:24.180"></status>
</kw>
<kw name="Log To Console" library="BuiltIn">
<doc>Logs the given message to the console.</doc>
<arguments>
<arg>Business Size: ${business_size}</arg>
</arguments>
<status status="PASS" starttime="20210207 14:24:24.180" endtime="20210207 14:24:24.181"></status>
</kw>
<kw name="Run Keyword If" library="BuiltIn">
<doc>Runs the given keyword with the given arguments, if ``condition`` is true.</doc>
<arguments>
<arg>${employee_count} &lt;= 100 and "${business_size}" == "Small"</arg>
<arg>TESTPASS</arg>
<arg>ELSE IF</arg>
<arg>${employee_count} &gt; 100 &lt;= 1000 and "${business_size}" == "Medium"</arg>
<arg>TESTPASS</arg>
<arg>ELSE IF</arg>
<arg>${employee_count} &gt;= 1001 and "${business_size}" == "Big"</arg>
<arg>TESTPASS</arg>
<arg>ELSE</arg>
<arg>Run Keyword And Continue On Failure</arg>
<arg>TESTFAILED</arg>
</arguments>
<kw name="TESTPASS">
<kw name="Log To Console" library="BuiltIn">
<doc>Logs the given message to the console.</doc>
<arguments>
<arg>Test PASSED: Business Size attribute is as per expected logic</arg>
</arguments>
<status status="PASS" starttime="20210207 14:24:24.182" endtime="20210207 14:24:24.182"></status>
</kw>
<status status="PASS" starttime="20210207 14:24:24.182" endtime="20210207 14:24:24.182"></status>
</kw>
<status status="PASS" starttime="20210207 14:24:24.181" endtime="20210207 14:24:24.182"></status>
</kw>
<status status="PASS" starttime="20210207 14:24:24.180" endtime="20210207 14:24:24.182"></status>
</kw>
<kw name="${employee_count} = 20, ${business_size} = Small" type="foritem">
<kw name="Log To Console" library="BuiltIn">
<doc>Logs the given message to the console.</doc>
<arguments>
<arg>Employee Count: ${employee_count}</arg>
</arguments>
<status status="PASS" starttime="20210207 14:24:24.183" endtime="20210207 14:24:24.184"></status>
</kw>
<kw name="Log To Console" library="BuiltIn">
<doc>Logs the given message to the console.</doc>
<arguments>
<arg>Business Size: ${business_size}</arg>
</arguments>
<status status="PASS" starttime="20210207 14:24:24.185" endtime="20210207 14:24:24.186"></status>
</kw>
<kw name="Run Keyword If" library="BuiltIn">
<doc>Runs the given keyword with the given arguments, if ``condition`` is true.</doc>
<arguments>
<arg>${employee_count} &lt;= 100 and "${business_size}" == "Small"</arg>
<arg>TESTPASS</arg>
<arg>ELSE IF</arg>
<arg>${employee_count} &gt; 100 &lt;= 1000 and "${business_size}" == "Medium"</arg>
<arg>TESTPASS</arg>
<arg>ELSE IF</arg>
<arg>${employee_count} &gt;= 1001 and "${business_size}" == "Big"</arg>
<arg>TESTPASS</arg>
<arg>ELSE</arg>
<arg>Run Keyword And Continue On Failure</arg>
<arg>TESTFAILED</arg>
</arguments>
<kw name="TESTPASS">
<kw name="Log To Console" library="BuiltIn">
<doc>Logs the given message to the console.</doc>
<arguments>
<arg>Test PASSED: Business Size attribute is as per expected logic</arg>
</arguments>
<status status="PASS" starttime="20210207 14:24:24.190" endtime="20210207 14:24:24.192"></status>
</kw>
<status status="PASS" starttime="20210207 14:24:24.188" endtime="20210207 14:24:24.192"></status>
</kw>
<status status="PASS" starttime="20210207 14:24:24.186" endtime="20210207 14:24:24.192"></status>
</kw>
<status status="PASS" starttime="20210207 14:24:24.183" endtime="20210207 14:24:24.192"></status>
</kw>
<kw name="${employee_count} = 10000, ${business_size} = Big" type="foritem">
<kw name="Log To Console" library="BuiltIn">
<doc>Logs the given message to the console.</doc>
<arguments>
<arg>Employee Count: ${employee_count}</arg>
</arguments>
<status status="PASS" starttime="20210207 14:24:24.193" endtime="20210207 14:24:24.193"></status>
</kw>
<kw name="Log To Console" library="BuiltIn">
<doc>Logs the given message to the console.</doc>
<arguments>
<arg>Business Size: ${business_size}</arg>
</arguments>
<status status="PASS" starttime="20210207 14:24:24.193" endtime="20210207 14:24:24.194"></status>
</kw>
<kw name="Run Keyword If" library="BuiltIn">
<doc>Runs the given keyword with the given arguments, if ``condition`` is true.</doc>
<arguments>
<arg>${employee_count} &lt;= 100 and "${business_size}" == "Small"</arg>
<arg>TESTPASS</arg>
<arg>ELSE IF</arg>
<arg>${employee_count} &gt; 100 &lt;= 1000 and "${business_size}" == "Medium"</arg>
<arg>TESTPASS</arg>
<arg>ELSE IF</arg>
<arg>${employee_count} &gt;= 1001 and "${business_size}" == "Big"</arg>
<arg>TESTPASS</arg>
<arg>ELSE</arg>
<arg>Run Keyword And Continue On Failure</arg>
<arg>TESTFAILED</arg>
</arguments>
<kw name="TESTPASS">
<kw name="Log To Console" library="BuiltIn">
<doc>Logs the given message to the console.</doc>
<arguments>
<arg>Test PASSED: Business Size attribute is as per expected logic</arg>
</arguments>
<status status="PASS" starttime="20210207 14:24:24.195" endtime="20210207 14:24:24.195"></status>
</kw>
<status status="PASS" starttime="20210207 14:24:24.195" endtime="20210207 14:24:24.195"></status>
</kw>
<status status="PASS" starttime="20210207 14:24:24.194" endtime="20210207 14:24:24.195"></status>
</kw>
<status status="PASS" starttime="20210207 14:24:24.192" endtime="20210207 14:24:24.196"></status>
</kw>
<kw name="${employee_count} = 102, ${business_size} = Medium" type="foritem">
<kw name="Log To Console" library="BuiltIn">
<doc>Logs the given message to the console.</doc>
<arguments>
<arg>Employee Count: ${employee_count}</arg>
</arguments>
<status status="PASS" starttime="20210207 14:24:24.196" endtime="20210207 14:24:24.196"></status>
</kw>
<kw name="Log To Console" library="BuiltIn">
<doc>Logs the given message to the console.</doc>
<arguments>
<arg>Business Size: ${business_size}</arg>
</arguments>
<status status="PASS" starttime="20210207 14:24:24.196" endtime="20210207 14:24:24.197"></status>
</kw>
<kw name="Run Keyword If" library="BuiltIn">
<doc>Runs the given keyword with the given arguments, if ``condition`` is true.</doc>
<arguments>
<arg>${employee_count} &lt;= 100 and "${business_size}" == "Small"</arg>
<arg>TESTPASS</arg>
<arg>ELSE IF</arg>
<arg>${employee_count} &gt; 100 &lt;= 1000 and "${business_size}" == "Medium"</arg>
<arg>TESTPASS</arg>
<arg>ELSE IF</arg>
<arg>${employee_count} &gt;= 1001 and "${business_size}" == "Big"</arg>
<arg>TESTPASS</arg>
<arg>ELSE</arg>
<arg>Run Keyword And Continue On Failure</arg>
<arg>TESTFAILED</arg>
</arguments>
<kw name="TESTPASS">
<kw name="Log To Console" library="BuiltIn">
<doc>Logs the given message to the console.</doc>
<arguments>
<arg>Test PASSED: Business Size attribute is as per expected logic</arg>
</arguments>
<status status="PASS" starttime="20210207 14:24:24.198" endtime="20210207 14:24:24.198"></status>
</kw>
<status status="PASS" starttime="20210207 14:24:24.198" endtime="20210207 14:24:24.198"></status>
</kw>
<status status="PASS" starttime="20210207 14:24:24.197" endtime="20210207 14:24:24.198"></status>
</kw>
<status status="PASS" starttime="20210207 14:24:24.196" endtime="20210207 14:24:24.199"></status>
</kw>
<status status="FAIL" starttime="20210207 14:24:24.171" endtime="20210207 14:24:24.199"></status>
</kw>
<tags>
<tag>API Test</tag>
</tags>
<status status="FAIL" starttime="20210207 14:24:24.082" endtime="20210207 14:24:24.200" critical="yes">Test FAILED: Business Size attribute is NOT as per expected logic</status>
</test>
<test id="s1-t5" name="API 5: POST Response - Validate response against JSON Schema">
<kw name="Create post request">
<kw name="Create Session" library="RequestsLibrary">
<doc>Create Session: create a HTTP session to a server</doc>
<arguments>
<arg>HopinAPI</arg>
<arg>${base_url}</arg>
</arguments>
<msg timestamp="20210207 14:24:24.204" level="INFO">Creating Session using : alias=HopinAPI, url=http://localhost:3001/, headers={},                     cookies={}, auth=None, timeout=None, proxies=None, verify=False,                     debug=0 </msg>
<status status="PASS" starttime="20210207 14:24:24.204" endtime="20210207 14:24:24.204"></status>
</kw>
<kw name="Convert To String" library="BuiltIn">
<doc>Converts the given item to a Unicode string.</doc>
<arguments>
<arg>{"name":"Mahatma Gandhi API"}</arg>
</arguments>
<assign>
<var>${body}</var>
</assign>
<msg timestamp="20210207 14:24:24.205" level="INFO">${body} = {"name":"Mahatma Gandhi API"}</msg>
<status status="PASS" starttime="20210207 14:24:24.204" endtime="20210207 14:24:24.205"></status>
</kw>
<kw name="Create Dictionary" library="BuiltIn">
<doc>Creates and returns a dictionary based on the given ``items``.</doc>
<arguments>
<arg>Content-Type=application/json</arg>
</arguments>
<assign>
<var>${header}</var>
</assign>
<msg timestamp="20210207 14:24:24.206" level="INFO">${header} = {'Content-Type': 'application/json'}</msg>
<status status="PASS" starttime="20210207 14:24:24.205" endtime="20210207 14:24:24.206"></status>
</kw>
<kw name="Post Request" library="RequestsLibrary">
<doc>Send a POST request on the session object found using the
given `alias`</doc>
<arguments>
<arg>HopinAPI</arg>
<arg>uri=</arg>
<arg>data=${body}</arg>
<arg>headers=${header}</arg>
</arguments>
<assign>
<var>${response}</var>
</assign>
<msg timestamp="20210207 14:24:24.220" level="INFO">POST Request : url=http://localhost:3001/ 
 path_url=/ 
 headers={'User-Agent': 'python-requests/2.24.0', 'Accept-Encoding': 'gzip, deflate', 'Accept': '*/*', 'Connection': 'keep-alive', 'Content-Type': 'application/json', 'Content-Length': '29'} 
 body=b'{"name":"Mahatma Gandhi API"}' 
 </msg>
<msg timestamp="20210207 14:24:24.221" level="INFO">POST Response : url=http://localhost:3001/ 
 status=200, reason=OK 
 body={"name":"Mahatma Gandhi API","timestamp":"Sun Feb 07 2021","customers":[{"id":1,"name":"Americas Inc.","employees":10,"contactInfo":{"name":"John Smith","email":"jsmith@americasinc.com"},"size":"Small"},{"id":2,"name":"Caribian Airlnis","employees":1000,"contactInfo":{"name":"Jose Martinez","email":"martines@cair.com"},"size":"Big"},{"id":3,"name":"MacroSoft","employees":540,"contactInfo":{"name":"Bill Paxton","email":"bp@ms.com"},"size":"Medium"},{"id":4,"name":"United Brands","employees":20,"size":"Small"},{"id":5,"name":"Bananas Corp","employees":10000,"contactInfo":{"name":"Xavier Hernandez","email":"xavier@bananas.com"},"size":"Big"},{"id":6,"name":"XPTO.com","employees":102,"contactInfo":{"name":"Daniel Zuck","email":"zuckh@xpto.com"},"size":"Medium"}]} 
 </msg>
<msg timestamp="20210207 14:24:24.221" level="INFO">${response} = &lt;Response [200]&gt;</msg>
<status status="PASS" starttime="20210207 14:24:24.206" endtime="20210207 14:24:24.221"></status>
</kw>
<kw name="Set Global Variable" library="BuiltIn">
<doc>Makes a variable available globally in all tests and suites.</doc>
<arguments>
<arg>${response}</arg>
</arguments>
<msg timestamp="20210207 14:24:24.222" level="INFO">${response} = &lt;Response [200]&gt;</msg>
<status status="PASS" starttime="20210207 14:24:24.221" endtime="20210207 14:24:24.223"></status>
</kw>
<kw name="To Json" library="RequestsLibrary">
<doc>Convert a string to a JSON object</doc>
<arguments>
<arg>${response.content}</arg>
</arguments>
<assign>
<var>${json_object}</var>
</assign>
<msg timestamp="20210207 14:24:24.225" level="INFO">To JSON using : content={"name":"Mahatma Gandhi API","timestamp":"Sun Feb 07 2021","customers":[{"id":1,"name":"Americas Inc.","employees":10,"contactInfo":{"name":"John Smith","email":"jsmith@americasinc.com"},"size":"Small"},{"id":2,"name":"Caribian Airlnis","employees":1000,"contactInfo":{"name":"Jose Martinez","email":"martines@cair.com"},"size":"Big"},{"id":3,"name":"MacroSoft","employees":540,"contactInfo":{"name":"Bill Paxton","email":"bp@ms.com"},"size":"Medium"},{"id":4,"name":"United Brands","employees":20,"size":"Small"},{"id":5,"name":"Bananas Corp","employees":10000,"contactInfo":{"name":"Xavier Hernandez","email":"xavier@bananas.com"},"size":"Big"},{"id":6,"name":"XPTO.com","employees":102,"contactInfo":{"name":"Daniel Zuck","email":"zuckh@xpto.com"},"size":"Medium"}]} </msg>
<msg timestamp="20210207 14:24:24.225" level="INFO">To JSON using : pretty_print=False </msg>
<msg timestamp="20210207 14:24:24.225" level="INFO">${json_object} = {'name': 'Mahatma Gandhi API', 'timestamp': 'Sun Feb 07 2021', 'customers': [{'id': 1, 'name': 'Americas Inc.', 'employees': 10, 'contactInfo': {'name': 'John Smith', 'email': 'jsmith@americasinc.com'...</msg>
<status status="PASS" starttime="20210207 14:24:24.223" endtime="20210207 14:24:24.225"></status>
</kw>
<kw name="Set Global Variable" library="BuiltIn">
<doc>Makes a variable available globally in all tests and suites.</doc>
<arguments>
<arg>${json_object}</arg>
</arguments>
<msg timestamp="20210207 14:24:24.226" level="INFO">${json_object} = {'name': 'Mahatma Gandhi API', 'timestamp': 'Sun Feb 07 2021', 'customers': [{'id': 1, 'name': 'Americas Inc.', 'employees': 10, 'contactInfo': {'name': 'John Smith', 'email': 'jsmith@americasinc.com'...</msg>
<status status="PASS" starttime="20210207 14:24:24.226" endtime="20210207 14:24:24.227"></status>
</kw>
<status status="PASS" starttime="20210207 14:24:24.203" endtime="20210207 14:24:24.227"></status>
</kw>
<kw name="To Json" library="RequestsLibrary">
<doc>Convert a string to a JSON object</doc>
<arguments>
<arg>${response.content}</arg>
</arguments>
<assign>
<var>${json_object}</var>
</assign>
<msg timestamp="20210207 14:24:24.228" level="INFO">To JSON using : content={"name":"Mahatma Gandhi API","timestamp":"Sun Feb 07 2021","customers":[{"id":1,"name":"Americas Inc.","employees":10,"contactInfo":{"name":"John Smith","email":"jsmith@americasinc.com"},"size":"Small"},{"id":2,"name":"Caribian Airlnis","employees":1000,"contactInfo":{"name":"Jose Martinez","email":"martines@cair.com"},"size":"Big"},{"id":3,"name":"MacroSoft","employees":540,"contactInfo":{"name":"Bill Paxton","email":"bp@ms.com"},"size":"Medium"},{"id":4,"name":"United Brands","employees":20,"size":"Small"},{"id":5,"name":"Bananas Corp","employees":10000,"contactInfo":{"name":"Xavier Hernandez","email":"xavier@bananas.com"},"size":"Big"},{"id":6,"name":"XPTO.com","employees":102,"contactInfo":{"name":"Daniel Zuck","email":"zuckh@xpto.com"},"size":"Medium"}]} </msg>
<msg timestamp="20210207 14:24:24.228" level="INFO">To JSON using : pretty_print=False </msg>
<msg timestamp="20210207 14:24:24.228" level="INFO">${json_object} = {'name': 'Mahatma Gandhi API', 'timestamp': 'Sun Feb 07 2021', 'customers': [{'id': 1, 'name': 'Americas Inc.', 'employees': 10, 'contactInfo': {'name': 'John Smith', 'email': 'jsmith@americasinc.com'...</msg>
<status status="PASS" starttime="20210207 14:24:24.227" endtime="20210207 14:24:24.228"></status>
</kw>
<kw name="Log To Console" library="BuiltIn">
<doc>Logs the given message to the console.</doc>
<arguments>
<arg>${json_object}</arg>
</arguments>
<status status="PASS" starttime="20210207 14:24:24.229" endtime="20210207 14:24:24.229"></status>
</kw>
<kw name="Json To String" library="JsonValidator">
<doc>Serialize JSON structure into string.</doc>
<arguments>
<arg>${json_object}</arg>
</arguments>
<assign>
<var>${json_string}</var>
</assign>
<msg timestamp="20210207 14:24:24.230" level="INFO">${json_string} = {"name": "Mahatma Gandhi API", "timestamp": "Sun Feb 07 2021", "customers": [{"id": 1, "name": "Americas Inc.", "employees": 10, "contactInfo": {"name": "John Smith", "email": "jsmith@americasinc.com"...</msg>
<status status="PASS" starttime="20210207 14:24:24.230" endtime="20210207 14:24:24.230"></status>
</kw>
<kw name="Pretty Print Json" library="JsonValidator">
<doc>Return formatted JSON string _json_string_.</doc>
<arguments>
<arg>${json_string}</arg>
</arguments>
<status status="PASS" starttime="20210207 14:24:24.231" endtime="20210207 14:24:24.232"></status>
</kw>
<kw name="Validate Jsonschema From File" library="JsonValidator">
<doc>Validate JSON according to schema, loaded from a file.</doc>
<arguments>
<arg>${json_object}</arg>
<arg>../../Resources/JSONSchema/POSTresponseSchema.json</arg>
</arguments>
<status status="PASS" starttime="20210207 14:24:24.232" endtime="20210207 14:24:24.238"></status>
</kw>
<tags>
<tag>API Test</tag>
</tags>
<status status="PASS" starttime="20210207 14:24:24.202" endtime="20210207 14:24:24.239" critical="yes"></status>
</test>
<doc>Hopin QA Test - API</doc>
<status status="FAIL" starttime="20210207 14:24:23.131" endtime="20210207 14:24:24.241"></status>
</suite>
<statistics>
<total>
<stat pass="4" fail="1">Critical Tests</stat>
<stat pass="4" fail="1">All Tests</stat>
</total>
<tag>
<stat pass="4" fail="1">API Test</stat>
</tag>
<suite>
<stat pass="4" fail="1" id="s1" name="Testsuiteapi">Testsuiteapi</stat>
</suite>
</statistics>
<errors>
</errors>
</robot>
