<?xml version="1.0" encoding="UTF-8"?>
<robot generator="Robot 3.2.1 (Python 3.8.5 on win32)" generated="20210207 14:30:14.342" rpa="false">
<suite id="s1" name="Testsuiteui" source="C:\Hopin-QA-Challenge\UI tests\TestCases\ui-tests\testsuiteui.robot">
<test id="s1-t1" name="4: User can navigate from Customer List to Contact Details Screen">
<kw name="Given I am on the Customer List Screen" library="Keywords">
<kw name="Evaluate" library="BuiltIn">
<doc>Evaluates the given expression in Python and returns the result.</doc>
<arguments>
<arg>sys.modules['selenium.webdriver'].ChromeOptions()</arg>
<arg>sys, selenium.webdriver</arg>
</arguments>
<assign>
<var>${chrome_options}</var>
</assign>
<msg timestamp="20210207 14:30:14.684" level="INFO">${chrome_options} = &lt;selenium.webdriver.chrome.options.Options object at 0x000001B8541A3E50&gt;</msg>
<status status="PASS" starttime="20210207 14:30:14.683" endtime="20210207 14:30:14.684"></status>
</kw>
<kw name="Call Method" library="BuiltIn">
<doc>Calls the named method of the given object with the provided arguments.</doc>
<arguments>
<arg>${chrome_options}</arg>
<arg>add_argument</arg>
<arg>no-sandbox</arg>
</arguments>
<status status="PASS" starttime="20210207 14:30:14.684" endtime="20210207 14:30:14.684"></status>
</kw>
<kw name="Call Method" library="BuiltIn">
<doc>Calls the named method of the given object with the provided arguments.</doc>
<arguments>
<arg>${chrome_options}</arg>
<arg>add_argument</arg>
<arg>disable-dev-shm-usage</arg>
</arguments>
<status status="PASS" starttime="20210207 14:30:14.684" endtime="20210207 14:30:14.684"></status>
</kw>
<kw name="Call Method" library="BuiltIn">
<doc>Calls the named method of the given object with the provided arguments.</doc>
<arguments>
<arg>${chrome_options}</arg>
<arg>to_capabilities</arg>
</arguments>
<assign>
<var>${options}</var>
</assign>
<msg timestamp="20210207 14:30:14.685" level="INFO">${options} = {'browserName': 'chrome', 'version': '', 'platform': 'ANY', 'goog:chromeOptions': {'extensions': [], 'args': ['no-sandbox', 'disable-dev-shm-usage']}}</msg>
<status status="PASS" starttime="20210207 14:30:14.684" endtime="20210207 14:30:14.685"></status>
</kw>
<kw name="Open Browser" library="SeleniumLibrary">
<doc>Opens a new browser instance to the optional ``url``.</doc>
<arguments>
<arg>${URL}</arg>
<arg>${BROWSER}</arg>
<arg>desired_capabilities=${options}</arg>
</arguments>
<msg timestamp="20210207 14:30:14.685" level="INFO">Opening browser 'chrome' to base url 'http://localhost:3000/'.</msg>
<status status="PASS" starttime="20210207 14:30:14.685" endtime="20210207 14:30:21.010"></status>
</kw>
<kw name="Maximize Browser Window" library="SeleniumLibrary">
<doc>Maximizes current browser window.</doc>
<status status="PASS" starttime="20210207 14:30:21.011" endtime="20210207 14:30:23.186"></status>
</kw>
<kw name="Wait Until Page Contains Element" library="SeleniumLibrary">
<doc>Waits until the element ``locator`` appears on the current page.</doc>
<arguments>
<arg>${submit_button}</arg>
</arguments>
<status status="PASS" starttime="20210207 14:30:23.187" endtime="20210207 14:30:23.218"></status>
</kw>
<kw name="Input Text" library="SeleniumLibrary">
<doc>Types the given ``text`` into the text field identified by ``locator``.</doc>
<arguments>
<arg>${username_textbox}</arg>
<arg>${username}</arg>
</arguments>
<msg timestamp="20210207 14:30:23.219" level="INFO">Typing text 'Mahatma Gandhi UI Tests' into text field 'id:name'.</msg>
<status status="PASS" starttime="20210207 14:30:23.218" endtime="20210207 14:30:23.441"></status>
</kw>
<kw name="Click Button" library="SeleniumLibrary">
<doc>Clicks the button identified by ``locator``.</doc>
<arguments>
<arg>${submit_button}</arg>
</arguments>
<msg timestamp="20210207 14:30:23.442" level="INFO">Clicking button 'css:input[value='Submit']'.</msg>
<status status="PASS" starttime="20210207 14:30:23.441" endtime="20210207 14:30:23.534"></status>
</kw>
<kw name="Page Should Contain" library="SeleniumLibrary">
<doc>Verifies that current page contains ``text``.</doc>
<arguments>
<arg>${customer_list_screen_text}</arg>
</arguments>
<msg timestamp="20210207 14:30:24.201" level="INFO">Current page contains text 'Click on each of them to view their contact details.'.</msg>
<status status="PASS" starttime="20210207 14:30:23.535" endtime="20210207 14:30:24.201"></status>
</kw>
<status status="PASS" starttime="20210207 14:30:14.683" endtime="20210207 14:30:24.202"></status>
</kw>
<kw name="When I click on a customer name" library="Keywords">
<kw name="${customer} IN [ @{list_of_customers} ]" type="for">
<kw name="${customer} = css:tbody tr:nth-child(1) td:nth-child(1) a:nth-child(1)" type="foritem">
<kw name="Get Text" library="SeleniumLibrary">
<doc>Returns the text value of the element identified by ``locator``.</doc>
<arguments>
<arg>${customer}</arg>
</arguments>
<assign>
<var>${CUSTOMER_NAME}</var>
</assign>
<msg timestamp="20210207 14:30:24.271" level="INFO">${CUSTOMER_NAME} = Americas Inc.</msg>
<status status="PASS" starttime="20210207 14:30:24.203" endtime="20210207 14:30:24.271"></status>
</kw>
<kw name="Set Suite Variable" library="BuiltIn">
<doc>Makes a variable available everywhere within the scope of the current suite.</doc>
<arguments>
<arg>${CUSTOMER_NAME}</arg>
</arguments>
<msg timestamp="20210207 14:30:24.272" level="INFO">${CUSTOMER_NAME} = Americas Inc.</msg>
<status status="PASS" starttime="20210207 14:30:24.272" endtime="20210207 14:30:24.272"></status>
</kw>
<kw name="Log" library="BuiltIn">
<doc>Logs the given message with the given level.</doc>
<arguments>
<arg>${CUSTOMER_NAME}</arg>
</arguments>
<msg timestamp="20210207 14:30:24.273" level="INFO">Americas Inc.</msg>
<status status="PASS" starttime="20210207 14:30:24.273" endtime="20210207 14:30:24.273"></status>
</kw>
<kw name="Click Element" library="SeleniumLibrary">
<doc>Click the element identified by ``locator``.</doc>
<arguments>
<arg>${customer}</arg>
</arguments>
<msg timestamp="20210207 14:30:24.273" level="INFO">Clicking element 'css:tbody tr:nth-child(1) td:nth-child(1) a:nth-child(1)'.</msg>
<status status="PASS" starttime="20210207 14:30:24.273" endtime="20210207 14:30:24.366"></status>
</kw>
<kw name="I see the Contacts Detail Screen for this customer" library="Keywords">
<kw name="Page Should Contain Button" library="SeleniumLibrary">
<doc>Verifies button ``locator`` is found from current page.</doc>
<arguments>
<arg>${Back_to_list_button}</arg>
</arguments>
<msg timestamp="20210207 14:30:24.394" level="INFO">Current page contains input 'css:input[value='Back to the list']'.</msg>
<status status="PASS" starttime="20210207 14:30:24.367" endtime="20210207 14:30:24.394"></status>
</kw>
<kw name="Wait Until Page Contains Element" library="SeleniumLibrary">
<doc>Waits until the element ``locator`` appears on the current page.</doc>
<arguments>
<arg>${Back_to_list_button}</arg>
</arguments>
<status status="PASS" starttime="20210207 14:30:24.394" endtime="20210207 14:30:24.403"></status>
</kw>
<kw name="Log" library="BuiltIn">
<doc>Logs the given message with the given level.</doc>
<arguments>
<arg>${CUSTOMER_NAME}</arg>
</arguments>
<msg timestamp="20210207 14:30:24.404" level="INFO">Americas Inc.</msg>
<status status="PASS" starttime="20210207 14:30:24.403" endtime="20210207 14:30:24.404"></status>
</kw>
<kw name="Element Should Contain" library="SeleniumLibrary">
<doc>Verifies that element ``locator`` contains text ``expected``.</doc>
<arguments>
<arg>${Contact_Details_Name}</arg>
<arg>${CUSTOMER_NAME}</arg>
</arguments>
<msg timestamp="20210207 14:30:24.433" level="INFO">Element 'css:p:nth-child(2)' contains text 'Americas Inc.'.</msg>
<status status="PASS" starttime="20210207 14:30:24.404" endtime="20210207 14:30:24.433"></status>
</kw>
<kw name="Click Element" library="SeleniumLibrary">
<doc>Click the element identified by ``locator``.</doc>
<arguments>
<arg>${Back_to_list_button}</arg>
</arguments>
<msg timestamp="20210207 14:30:24.433" level="INFO">Clicking element 'css:input[value='Back to the list']'.</msg>
<status status="PASS" starttime="20210207 14:30:24.433" endtime="20210207 14:30:24.506"></status>
</kw>
<status status="PASS" starttime="20210207 14:30:24.366" endtime="20210207 14:30:24.507"></status>
</kw>
<status status="PASS" starttime="20210207 14:30:24.203" endtime="20210207 14:30:24.507"></status>
</kw>
<kw name="${customer} = css:tbody tr:nth-child(2) td:nth-child(1) a:nth-child(1)" type="foritem">
<kw name="Get Text" library="SeleniumLibrary">
<doc>Returns the text value of the element identified by ``locator``.</doc>
<arguments>
<arg>${customer}</arg>
</arguments>
<assign>
<var>${CUSTOMER_NAME}</var>
</assign>
<msg timestamp="20210207 14:30:24.555" level="INFO">${CUSTOMER_NAME} = Caribian Airlnis</msg>
<status status="PASS" starttime="20210207 14:30:24.507" endtime="20210207 14:30:24.555"></status>
</kw>
<kw name="Set Suite Variable" library="BuiltIn">
<doc>Makes a variable available everywhere within the scope of the current suite.</doc>
<arguments>
<arg>${CUSTOMER_NAME}</arg>
</arguments>
<msg timestamp="20210207 14:30:24.556" level="INFO">${CUSTOMER_NAME} = Caribian Airlnis</msg>
<status status="PASS" starttime="20210207 14:30:24.555" endtime="20210207 14:30:24.556"></status>
</kw>
<kw name="Log" library="BuiltIn">
<doc>Logs the given message with the given level.</doc>
<arguments>
<arg>${CUSTOMER_NAME}</arg>
</arguments>
<msg timestamp="20210207 14:30:24.557" level="INFO">Caribian Airlnis</msg>
<status status="PASS" starttime="20210207 14:30:24.556" endtime="20210207 14:30:24.557"></status>
</kw>
<kw name="Click Element" library="SeleniumLibrary">
<doc>Click the element identified by ``locator``.</doc>
<arguments>
<arg>${customer}</arg>
</arguments>
<msg timestamp="20210207 14:30:24.558" level="INFO">Clicking element 'css:tbody tr:nth-child(2) td:nth-child(1) a:nth-child(1)'.</msg>
<status status="PASS" starttime="20210207 14:30:24.557" endtime="20210207 14:30:24.635"></status>
</kw>
<kw name="I see the Contacts Detail Screen for this customer" library="Keywords">
<kw name="Page Should Contain Button" library="SeleniumLibrary">
<doc>Verifies button ``locator`` is found from current page.</doc>
<arguments>
<arg>${Back_to_list_button}</arg>
</arguments>
<msg timestamp="20210207 14:30:24.671" level="INFO">Current page contains input 'css:input[value='Back to the list']'.</msg>
<status status="PASS" starttime="20210207 14:30:24.636" endtime="20210207 14:30:24.671"></status>
</kw>
<kw name="Wait Until Page Contains Element" library="SeleniumLibrary">
<doc>Waits until the element ``locator`` appears on the current page.</doc>
<arguments>
<arg>${Back_to_list_button}</arg>
</arguments>
<status status="PASS" starttime="20210207 14:30:24.672" endtime="20210207 14:30:24.682"></status>
</kw>
<kw name="Log" library="BuiltIn">
<doc>Logs the given message with the given level.</doc>
<arguments>
<arg>${CUSTOMER_NAME}</arg>
</arguments>
<msg timestamp="20210207 14:30:24.683" level="INFO">Caribian Airlnis</msg>
<status status="PASS" starttime="20210207 14:30:24.682" endtime="20210207 14:30:24.683"></status>
</kw>
<kw name="Element Should Contain" library="SeleniumLibrary">
<doc>Verifies that element ``locator`` contains text ``expected``.</doc>
<arguments>
<arg>${Contact_Details_Name}</arg>
<arg>${CUSTOMER_NAME}</arg>
</arguments>
<msg timestamp="20210207 14:30:24.712" level="INFO">Element 'css:p:nth-child(2)' contains text 'Caribian Airlnis'.</msg>
<status status="PASS" starttime="20210207 14:30:24.683" endtime="20210207 14:30:24.712"></status>
</kw>
<kw name="Click Element" library="SeleniumLibrary">
<doc>Click the element identified by ``locator``.</doc>
<arguments>
<arg>${Back_to_list_button}</arg>
</arguments>
<msg timestamp="20210207 14:30:24.712" level="INFO">Clicking element 'css:input[value='Back to the list']'.</msg>
<status status="PASS" starttime="20210207 14:30:24.712" endtime="20210207 14:30:24.785"></status>
</kw>
<status status="PASS" starttime="20210207 14:30:24.635" endtime="20210207 14:30:24.785"></status>
</kw>
<status status="PASS" starttime="20210207 14:30:24.507" endtime="20210207 14:30:24.785"></status>
</kw>
<kw name="${customer} = css:tbody tr:nth-child(3) td:nth-child(1) a:nth-child(1)" type="foritem">
<kw name="Get Text" library="SeleniumLibrary">
<doc>Returns the text value of the element identified by ``locator``.</doc>
<arguments>
<arg>${customer}</arg>
</arguments>
<assign>
<var>${CUSTOMER_NAME}</var>
</assign>
<msg timestamp="20210207 14:30:24.829" level="INFO">${CUSTOMER_NAME} = MacroSoft</msg>
<status status="PASS" starttime="20210207 14:30:24.786" endtime="20210207 14:30:24.829"></status>
</kw>
<kw name="Set Suite Variable" library="BuiltIn">
<doc>Makes a variable available everywhere within the scope of the current suite.</doc>
<arguments>
<arg>${CUSTOMER_NAME}</arg>
</arguments>
<msg timestamp="20210207 14:30:24.830" level="INFO">${CUSTOMER_NAME} = MacroSoft</msg>
<status status="PASS" starttime="20210207 14:30:24.830" endtime="20210207 14:30:24.830"></status>
</kw>
<kw name="Log" library="BuiltIn">
<doc>Logs the given message with the given level.</doc>
<arguments>
<arg>${CUSTOMER_NAME}</arg>
</arguments>
<msg timestamp="20210207 14:30:24.831" level="INFO">MacroSoft</msg>
<status status="PASS" starttime="20210207 14:30:24.830" endtime="20210207 14:30:24.831"></status>
</kw>
<kw name="Click Element" library="SeleniumLibrary">
<doc>Click the element identified by ``locator``.</doc>
<arguments>
<arg>${customer}</arg>
</arguments>
<msg timestamp="20210207 14:30:24.831" level="INFO">Clicking element 'css:tbody tr:nth-child(3) td:nth-child(1) a:nth-child(1)'.</msg>
<status status="PASS" starttime="20210207 14:30:24.831" endtime="20210207 14:30:24.977"></status>
</kw>
<kw name="I see the Contacts Detail Screen for this customer" library="Keywords">
<kw name="Page Should Contain Button" library="SeleniumLibrary">
<doc>Verifies button ``locator`` is found from current page.</doc>
<arguments>
<arg>${Back_to_list_button}</arg>
</arguments>
<msg timestamp="20210207 14:30:25.012" level="INFO">Current page contains input 'css:input[value='Back to the list']'.</msg>
<status status="PASS" starttime="20210207 14:30:24.978" endtime="20210207 14:30:25.013"></status>
</kw>
<kw name="Wait Until Page Contains Element" library="SeleniumLibrary">
<doc>Waits until the element ``locator`` appears on the current page.</doc>
<arguments>
<arg>${Back_to_list_button}</arg>
</arguments>
<status status="PASS" starttime="20210207 14:30:25.013" endtime="20210207 14:30:25.028"></status>
</kw>
<kw name="Log" library="BuiltIn">
<doc>Logs the given message with the given level.</doc>
<arguments>
<arg>${CUSTOMER_NAME}</arg>
</arguments>
<msg timestamp="20210207 14:30:25.029" level="INFO">MacroSoft</msg>
<status status="PASS" starttime="20210207 14:30:25.029" endtime="20210207 14:30:25.029"></status>
</kw>
<kw name="Element Should Contain" library="SeleniumLibrary">
<doc>Verifies that element ``locator`` contains text ``expected``.</doc>
<arguments>
<arg>${Contact_Details_Name}</arg>
<arg>${CUSTOMER_NAME}</arg>
</arguments>
<msg timestamp="20210207 14:30:25.057" level="INFO">Element 'css:p:nth-child(2)' contains text 'MacroSoft'.</msg>
<status status="PASS" starttime="20210207 14:30:25.029" endtime="20210207 14:30:25.057"></status>
</kw>
<kw name="Click Element" library="SeleniumLibrary">
<doc>Click the element identified by ``locator``.</doc>
<arguments>
<arg>${Back_to_list_button}</arg>
</arguments>
<msg timestamp="20210207 14:30:25.058" level="INFO">Clicking element 'css:input[value='Back to the list']'.</msg>
<status status="PASS" starttime="20210207 14:30:25.057" endtime="20210207 14:30:25.147"></status>
</kw>
<status status="PASS" starttime="20210207 14:30:24.977" endtime="20210207 14:30:25.148"></status>
</kw>
<status status="PASS" starttime="20210207 14:30:24.786" endtime="20210207 14:30:25.148"></status>
</kw>
<kw name="${customer} = css:tbody tr:nth-child(4) td:nth-child(1) a:nth-child(1)" type="foritem">
<kw name="Get Text" library="SeleniumLibrary">
<doc>Returns the text value of the element identified by ``locator``.</doc>
<arguments>
<arg>${customer}</arg>
</arguments>
<assign>
<var>${CUSTOMER_NAME}</var>
</assign>
<msg timestamp="20210207 14:30:25.194" level="INFO">${CUSTOMER_NAME} = United Brands</msg>
<status status="PASS" starttime="20210207 14:30:25.149" endtime="20210207 14:30:25.194"></status>
</kw>
<kw name="Set Suite Variable" library="BuiltIn">
<doc>Makes a variable available everywhere within the scope of the current suite.</doc>
<arguments>
<arg>${CUSTOMER_NAME}</arg>
</arguments>
<msg timestamp="20210207 14:30:25.195" level="INFO">${CUSTOMER_NAME} = United Brands</msg>
<status status="PASS" starttime="20210207 14:30:25.195" endtime="20210207 14:30:25.195"></status>
</kw>
<kw name="Log" library="BuiltIn">
<doc>Logs the given message with the given level.</doc>
<arguments>
<arg>${CUSTOMER_NAME}</arg>
</arguments>
<msg timestamp="20210207 14:30:25.196" level="INFO">United Brands</msg>
<status status="PASS" starttime="20210207 14:30:25.196" endtime="20210207 14:30:25.196"></status>
</kw>
<kw name="Click Element" library="SeleniumLibrary">
<doc>Click the element identified by ``locator``.</doc>
<arguments>
<arg>${customer}</arg>
</arguments>
<msg timestamp="20210207 14:30:25.197" level="INFO">Clicking element 'css:tbody tr:nth-child(4) td:nth-child(1) a:nth-child(1)'.</msg>
<status status="PASS" starttime="20210207 14:30:25.196" endtime="20210207 14:30:25.285"></status>
</kw>
<kw name="I see the Contacts Detail Screen for this customer" library="Keywords">
<kw name="Page Should Contain Button" library="SeleniumLibrary">
<doc>Verifies button ``locator`` is found from current page.</doc>
<arguments>
<arg>${Back_to_list_button}</arg>
</arguments>
<kw name="Capture Page Screenshot" library="SeleniumLibrary">
<doc>Takes a screenshot of the current page and embeds it into a log file.</doc>
<msg timestamp="20210207 14:30:26.091" level="INFO" html="yes">&lt;/td&gt;&lt;/tr&gt;&lt;tr&gt;&lt;td colspan="3"&gt;&lt;a href="selenium-screenshot-1.png"&gt;&lt;img src="selenium-screenshot-1.png" width="800px"&gt;&lt;/a&gt;</msg>
<status status="PASS" starttime="20210207 14:30:25.323" endtime="20210207 14:30:26.091"></status>
</kw>
<msg timestamp="20210207 14:30:26.100" level="FAIL">Page should have contained button 'css:input[value='Back to the list']' but did not.</msg>
<status status="FAIL" starttime="20210207 14:30:25.286" endtime="20210207 14:30:26.101"></status>
</kw>
<status status="FAIL" starttime="20210207 14:30:25.285" endtime="20210207 14:30:26.101"></status>
</kw>
<status status="FAIL" starttime="20210207 14:30:25.148" endtime="20210207 14:30:26.101"></status>
</kw>
<status status="FAIL" starttime="20210207 14:30:24.203" endtime="20210207 14:30:26.101"></status>
</kw>
<status status="FAIL" starttime="20210207 14:30:24.202" endtime="20210207 14:30:26.102"></status>
</kw>
<kw name="End TestCase" library="Common" type="teardown">
<kw name="Close Browser" library="SeleniumLibrary">
<doc>Closes the current browser.</doc>
<status status="PASS" starttime="20210207 14:30:26.109" endtime="20210207 14:30:30.647"></status>
</kw>
<status status="PASS" starttime="20210207 14:30:26.108" endtime="20210207 14:30:30.648"></status>
</kw>
<tags>
<tag>User Interface Test</tag>
</tags>
<status status="FAIL" starttime="20210207 14:30:14.682" endtime="20210207 14:30:30.648" critical="yes">Page should have contained button 'css:input[value='Back to the list']' but did not.</status>
</test>
<test id="s1-t2" name="5: User can navigate from Contact Details Screen to Customer List Screen">
<kw name="Given I am on the Customer Detail Screen" library="Keywords">
<kw name="I am on the Customer List Screen" library="Keywords">
<kw name="Evaluate" library="BuiltIn">
<doc>Evaluates the given expression in Python and returns the result.</doc>
<arguments>
<arg>sys.modules['selenium.webdriver'].ChromeOptions()</arg>
<arg>sys, selenium.webdriver</arg>
</arguments>
<assign>
<var>${chrome_options}</var>
</assign>
<msg timestamp="20210207 14:30:30.652" level="INFO">${chrome_options} = &lt;selenium.webdriver.chrome.options.Options object at 0x000001B85422D9D0&gt;</msg>
<status status="PASS" starttime="20210207 14:30:30.651" endtime="20210207 14:30:30.652"></status>
</kw>
<kw name="Call Method" library="BuiltIn">
<doc>Calls the named method of the given object with the provided arguments.</doc>
<arguments>
<arg>${chrome_options}</arg>
<arg>add_argument</arg>
<arg>no-sandbox</arg>
</arguments>
<status status="PASS" starttime="20210207 14:30:30.652" endtime="20210207 14:30:30.652"></status>
</kw>
<kw name="Call Method" library="BuiltIn">
<doc>Calls the named method of the given object with the provided arguments.</doc>
<arguments>
<arg>${chrome_options}</arg>
<arg>add_argument</arg>
<arg>disable-dev-shm-usage</arg>
</arguments>
<status status="PASS" starttime="20210207 14:30:30.652" endtime="20210207 14:30:30.653"></status>
</kw>
<kw name="Call Method" library="BuiltIn">
<doc>Calls the named method of the given object with the provided arguments.</doc>
<arguments>
<arg>${chrome_options}</arg>
<arg>to_capabilities</arg>
</arguments>
<assign>
<var>${options}</var>
</assign>
<msg timestamp="20210207 14:30:30.653" level="INFO">${options} = {'browserName': 'chrome', 'version': '', 'platform': 'ANY', 'goog:chromeOptions': {'extensions': [], 'args': ['no-sandbox', 'disable-dev-shm-usage']}}</msg>
<status status="PASS" starttime="20210207 14:30:30.653" endtime="20210207 14:30:30.653"></status>
</kw>
<kw name="Open Browser" library="SeleniumLibrary">
<doc>Opens a new browser instance to the optional ``url``.</doc>
<arguments>
<arg>${URL}</arg>
<arg>${BROWSER}</arg>
<arg>desired_capabilities=${options}</arg>
</arguments>
<msg timestamp="20210207 14:30:30.654" level="INFO">Opening browser 'chrome' to base url 'http://localhost:3000/'.</msg>
<status status="PASS" starttime="20210207 14:30:30.653" endtime="20210207 14:30:35.036"></status>
</kw>
<kw name="Maximize Browser Window" library="SeleniumLibrary">
<doc>Maximizes current browser window.</doc>
<status status="PASS" starttime="20210207 14:30:35.036" endtime="20210207 14:30:37.218"></status>
</kw>
<kw name="Wait Until Page Contains Element" library="SeleniumLibrary">
<doc>Waits until the element ``locator`` appears on the current page.</doc>
<arguments>
<arg>${submit_button}</arg>
</arguments>
<status status="PASS" starttime="20210207 14:30:37.218" endtime="20210207 14:30:37.248"></status>
</kw>
<kw name="Input Text" library="SeleniumLibrary">
<doc>Types the given ``text`` into the text field identified by ``locator``.</doc>
<arguments>
<arg>${username_textbox}</arg>
<arg>${username}</arg>
</arguments>
<msg timestamp="20210207 14:30:37.249" level="INFO">Typing text 'Mahatma Gandhi UI Tests' into text field 'id:name'.</msg>
<status status="PASS" starttime="20210207 14:30:37.249" endtime="20210207 14:30:37.487"></status>
</kw>
<kw name="Click Button" library="SeleniumLibrary">
<doc>Clicks the button identified by ``locator``.</doc>
<arguments>
<arg>${submit_button}</arg>
</arguments>
<msg timestamp="20210207 14:30:37.488" level="INFO">Clicking button 'css:input[value='Submit']'.</msg>
<status status="PASS" starttime="20210207 14:30:37.487" endtime="20210207 14:30:37.584"></status>
</kw>
<kw name="Page Should Contain" library="SeleniumLibrary">
<doc>Verifies that current page contains ``text``.</doc>
<arguments>
<arg>${customer_list_screen_text}</arg>
</arguments>
<msg timestamp="20210207 14:30:37.662" level="INFO">Current page contains text 'Click on each of them to view their contact details.'.</msg>
<status status="PASS" starttime="20210207 14:30:37.584" endtime="20210207 14:30:37.662"></status>
</kw>
<status status="PASS" starttime="20210207 14:30:30.651" endtime="20210207 14:30:37.662"></status>
</kw>
<kw name="I click on a customer name" library="Keywords">
<kw name="${customer} IN [ @{list_of_customers} ]" type="for">
<kw name="${customer} = css:tbody tr:nth-child(1) td:nth-child(1) a:nth-child(1)" type="foritem">
<kw name="Get Text" library="SeleniumLibrary">
<doc>Returns the text value of the element identified by ``locator``.</doc>
<arguments>
<arg>${customer}</arg>
</arguments>
<assign>
<var>${CUSTOMER_NAME}</var>
</assign>
<msg timestamp="20210207 14:30:37.721" level="INFO">${CUSTOMER_NAME} = Americas Inc.</msg>
<status status="PASS" starttime="20210207 14:30:37.664" endtime="20210207 14:30:37.721"></status>
</kw>
<kw name="Set Suite Variable" library="BuiltIn">
<doc>Makes a variable available everywhere within the scope of the current suite.</doc>
<arguments>
<arg>${CUSTOMER_NAME}</arg>
</arguments>
<msg timestamp="20210207 14:30:37.722" level="INFO">${CUSTOMER_NAME} = Americas Inc.</msg>
<status status="PASS" starttime="20210207 14:30:37.722" endtime="20210207 14:30:37.722"></status>
</kw>
<kw name="Log" library="BuiltIn">
<doc>Logs the given message with the given level.</doc>
<arguments>
<arg>${CUSTOMER_NAME}</arg>
</arguments>
<msg timestamp="20210207 14:30:37.722" level="INFO">Americas Inc.</msg>
<status status="PASS" starttime="20210207 14:30:37.722" endtime="20210207 14:30:37.722"></status>
</kw>
<kw name="Click Element" library="SeleniumLibrary">
<doc>Click the element identified by ``locator``.</doc>
<arguments>
<arg>${customer}</arg>
</arguments>
<msg timestamp="20210207 14:30:37.723" level="INFO">Clicking element 'css:tbody tr:nth-child(1) td:nth-child(1) a:nth-child(1)'.</msg>
<status status="PASS" starttime="20210207 14:30:37.723" endtime="20210207 14:30:37.818"></status>
</kw>
<kw name="I see the Contacts Detail Screen for this customer" library="Keywords">
<kw name="Page Should Contain Button" library="SeleniumLibrary">
<doc>Verifies button ``locator`` is found from current page.</doc>
<arguments>
<arg>${Back_to_list_button}</arg>
</arguments>
<msg timestamp="20210207 14:30:37.842" level="INFO">Current page contains input 'css:input[value='Back to the list']'.</msg>
<status status="PASS" starttime="20210207 14:30:37.819" endtime="20210207 14:30:37.842"></status>
</kw>
<kw name="Wait Until Page Contains Element" library="SeleniumLibrary">
<doc>Waits until the element ``locator`` appears on the current page.</doc>
<arguments>
<arg>${Back_to_list_button}</arg>
</arguments>
<status status="PASS" starttime="20210207 14:30:37.842" endtime="20210207 14:30:37.852"></status>
</kw>
<kw name="Log" library="BuiltIn">
<doc>Logs the given message with the given level.</doc>
<arguments>
<arg>${CUSTOMER_NAME}</arg>
</arguments>
<msg timestamp="20210207 14:30:37.853" level="INFO">Americas Inc.</msg>
<status status="PASS" starttime="20210207 14:30:37.852" endtime="20210207 14:30:37.853"></status>
</kw>
<kw name="Element Should Contain" library="SeleniumLibrary">
<doc>Verifies that element ``locator`` contains text ``expected``.</doc>
<arguments>
<arg>${Contact_Details_Name}</arg>
<arg>${CUSTOMER_NAME}</arg>
</arguments>
<msg timestamp="20210207 14:30:37.882" level="INFO">Element 'css:p:nth-child(2)' contains text 'Americas Inc.'.</msg>
<status status="PASS" starttime="20210207 14:30:37.853" endtime="20210207 14:30:37.882"></status>
</kw>
<kw name="Click Element" library="SeleniumLibrary">
<doc>Click the element identified by ``locator``.</doc>
<arguments>
<arg>${Back_to_list_button}</arg>
</arguments>
<msg timestamp="20210207 14:30:37.882" level="INFO">Clicking element 'css:input[value='Back to the list']'.</msg>
<status status="PASS" starttime="20210207 14:30:37.882" endtime="20210207 14:30:37.950"></status>
</kw>
<status status="PASS" starttime="20210207 14:30:37.818" endtime="20210207 14:30:37.950"></status>
</kw>
<status status="PASS" starttime="20210207 14:30:37.664" endtime="20210207 14:30:37.950"></status>
</kw>
<kw name="${customer} = css:tbody tr:nth-child(2) td:nth-child(1) a:nth-child(1)" type="foritem">
<kw name="Get Text" library="SeleniumLibrary">
<doc>Returns the text value of the element identified by ``locator``.</doc>
<arguments>
<arg>${customer}</arg>
</arguments>
<assign>
<var>${CUSTOMER_NAME}</var>
</assign>
<msg timestamp="20210207 14:30:37.986" level="INFO">${CUSTOMER_NAME} = Caribian Airlnis</msg>
<status status="PASS" starttime="20210207 14:30:37.951" endtime="20210207 14:30:37.986"></status>
</kw>
<kw name="Set Suite Variable" library="BuiltIn">
<doc>Makes a variable available everywhere within the scope of the current suite.</doc>
<arguments>
<arg>${CUSTOMER_NAME}</arg>
</arguments>
<msg timestamp="20210207 14:30:37.987" level="INFO">${CUSTOMER_NAME} = Caribian Airlnis</msg>
<status status="PASS" starttime="20210207 14:30:37.986" endtime="20210207 14:30:37.988"></status>
</kw>
<kw name="Log" library="BuiltIn">
<doc>Logs the given message with the given level.</doc>
<arguments>
<arg>${CUSTOMER_NAME}</arg>
</arguments>
<msg timestamp="20210207 14:30:37.988" level="INFO">Caribian Airlnis</msg>
<status status="PASS" starttime="20210207 14:30:37.988" endtime="20210207 14:30:37.988"></status>
</kw>
<kw name="Click Element" library="SeleniumLibrary">
<doc>Click the element identified by ``locator``.</doc>
<arguments>
<arg>${customer}</arg>
</arguments>
<msg timestamp="20210207 14:30:37.989" level="INFO">Clicking element 'css:tbody tr:nth-child(2) td:nth-child(1) a:nth-child(1)'.</msg>
<status status="PASS" starttime="20210207 14:30:37.989" endtime="20210207 14:30:38.056"></status>
</kw>
<kw name="I see the Contacts Detail Screen for this customer" library="Keywords">
<kw name="Page Should Contain Button" library="SeleniumLibrary">
<doc>Verifies button ``locator`` is found from current page.</doc>
<arguments>
<arg>${Back_to_list_button}</arg>
</arguments>
<msg timestamp="20210207 14:30:38.078" level="INFO">Current page contains input 'css:input[value='Back to the list']'.</msg>
<status status="PASS" starttime="20210207 14:30:38.060" endtime="20210207 14:30:38.078"></status>
</kw>
<kw name="Wait Until Page Contains Element" library="SeleniumLibrary">
<doc>Waits until the element ``locator`` appears on the current page.</doc>
<arguments>
<arg>${Back_to_list_button}</arg>
</arguments>
<status status="PASS" starttime="20210207 14:30:38.078" endtime="20210207 14:30:38.088"></status>
</kw>
<kw name="Log" library="BuiltIn">
<doc>Logs the given message with the given level.</doc>
<arguments>
<arg>${CUSTOMER_NAME}</arg>
</arguments>
<msg timestamp="20210207 14:30:38.089" level="INFO">Caribian Airlnis</msg>
<status status="PASS" starttime="20210207 14:30:38.089" endtime="20210207 14:30:38.089"></status>
</kw>
<kw name="Element Should Contain" library="SeleniumLibrary">
<doc>Verifies that element ``locator`` contains text ``expected``.</doc>
<arguments>
<arg>${Contact_Details_Name}</arg>
<arg>${CUSTOMER_NAME}</arg>
</arguments>
<msg timestamp="20210207 14:30:38.155" level="INFO">Element 'css:p:nth-child(2)' contains text 'Caribian Airlnis'.</msg>
<status status="PASS" starttime="20210207 14:30:38.089" endtime="20210207 14:30:38.155"></status>
</kw>
<kw name="Click Element" library="SeleniumLibrary">
<doc>Click the element identified by ``locator``.</doc>
<arguments>
<arg>${Back_to_list_button}</arg>
</arguments>
<msg timestamp="20210207 14:30:38.156" level="INFO">Clicking element 'css:input[value='Back to the list']'.</msg>
<status status="PASS" starttime="20210207 14:30:38.155" endtime="20210207 14:30:38.244"></status>
</kw>
<status status="PASS" starttime="20210207 14:30:38.057" endtime="20210207 14:30:38.245"></status>
</kw>
<status status="PASS" starttime="20210207 14:30:37.950" endtime="20210207 14:30:38.245"></status>
</kw>
<kw name="${customer} = css:tbody tr:nth-child(3) td:nth-child(1) a:nth-child(1)" type="foritem">
<kw name="Get Text" library="SeleniumLibrary">
<doc>Returns the text value of the element identified by ``locator``.</doc>
<arguments>
<arg>${customer}</arg>
</arguments>
<assign>
<var>${CUSTOMER_NAME}</var>
</assign>
<msg timestamp="20210207 14:30:38.281" level="INFO">${CUSTOMER_NAME} = MacroSoft</msg>
<status status="PASS" starttime="20210207 14:30:38.246" endtime="20210207 14:30:38.281"></status>
</kw>
<kw name="Set Suite Variable" library="BuiltIn">
<doc>Makes a variable available everywhere within the scope of the current suite.</doc>
<arguments>
<arg>${CUSTOMER_NAME}</arg>
</arguments>
<msg timestamp="20210207 14:30:38.282" level="INFO">${CUSTOMER_NAME} = MacroSoft</msg>
<status status="PASS" starttime="20210207 14:30:38.281" endtime="20210207 14:30:38.282"></status>
</kw>
<kw name="Log" library="BuiltIn">
<doc>Logs the given message with the given level.</doc>
<arguments>
<arg>${CUSTOMER_NAME}</arg>
</arguments>
<msg timestamp="20210207 14:30:38.283" level="INFO">MacroSoft</msg>
<status status="PASS" starttime="20210207 14:30:38.283" endtime="20210207 14:30:38.283"></status>
</kw>
<kw name="Click Element" library="SeleniumLibrary">
<doc>Click the element identified by ``locator``.</doc>
<arguments>
<arg>${customer}</arg>
</arguments>
<msg timestamp="20210207 14:30:38.284" level="INFO">Clicking element 'css:tbody tr:nth-child(3) td:nth-child(1) a:nth-child(1)'.</msg>
<status status="PASS" starttime="20210207 14:30:38.283" endtime="20210207 14:30:38.356"></status>
</kw>
<kw name="I see the Contacts Detail Screen for this customer" library="Keywords">
<kw name="Page Should Contain Button" library="SeleniumLibrary">
<doc>Verifies button ``locator`` is found from current page.</doc>
<arguments>
<arg>${Back_to_list_button}</arg>
</arguments>
<msg timestamp="20210207 14:30:38.379" level="INFO">Current page contains input 'css:input[value='Back to the list']'.</msg>
<status status="PASS" starttime="20210207 14:30:38.359" endtime="20210207 14:30:38.379"></status>
</kw>
<kw name="Wait Until Page Contains Element" library="SeleniumLibrary">
<doc>Waits until the element ``locator`` appears on the current page.</doc>
<arguments>
<arg>${Back_to_list_button}</arg>
</arguments>
<status status="PASS" starttime="20210207 14:30:38.379" endtime="20210207 14:30:38.389"></status>
</kw>
<kw name="Log" library="BuiltIn">
<doc>Logs the given message with the given level.</doc>
<arguments>
<arg>${CUSTOMER_NAME}</arg>
</arguments>
<msg timestamp="20210207 14:30:38.389" level="INFO">MacroSoft</msg>
<status status="PASS" starttime="20210207 14:30:38.389" endtime="20210207 14:30:38.390"></status>
</kw>
<kw name="Element Should Contain" library="SeleniumLibrary">
<doc>Verifies that element ``locator`` contains text ``expected``.</doc>
<arguments>
<arg>${Contact_Details_Name}</arg>
<arg>${CUSTOMER_NAME}</arg>
</arguments>
<msg timestamp="20210207 14:30:38.414" level="INFO">Element 'css:p:nth-child(2)' contains text 'MacroSoft'.</msg>
<status status="PASS" starttime="20210207 14:30:38.390" endtime="20210207 14:30:38.414"></status>
</kw>
<kw name="Click Element" library="SeleniumLibrary">
<doc>Click the element identified by ``locator``.</doc>
<arguments>
<arg>${Back_to_list_button}</arg>
</arguments>
<msg timestamp="20210207 14:30:38.415" level="INFO">Clicking element 'css:input[value='Back to the list']'.</msg>
<status status="PASS" starttime="20210207 14:30:38.414" endtime="20210207 14:30:38.489"></status>
</kw>
<status status="PASS" starttime="20210207 14:30:38.357" endtime="20210207 14:30:38.489"></status>
</kw>
<status status="PASS" starttime="20210207 14:30:38.245" endtime="20210207 14:30:38.489"></status>
</kw>
<kw name="${customer} = css:tbody tr:nth-child(4) td:nth-child(1) a:nth-child(1)" type="foritem">
<kw name="Get Text" library="SeleniumLibrary">
<doc>Returns the text value of the element identified by ``locator``.</doc>
<arguments>
<arg>${customer}</arg>
</arguments>
<assign>
<var>${CUSTOMER_NAME}</var>
</assign>
<msg timestamp="20210207 14:30:38.530" level="INFO">${CUSTOMER_NAME} = United Brands</msg>
<status status="PASS" starttime="20210207 14:30:38.490" endtime="20210207 14:30:38.530"></status>
</kw>
<kw name="Set Suite Variable" library="BuiltIn">
<doc>Makes a variable available everywhere within the scope of the current suite.</doc>
<arguments>
<arg>${CUSTOMER_NAME}</arg>
</arguments>
<msg timestamp="20210207 14:30:38.531" level="INFO">${CUSTOMER_NAME} = United Brands</msg>
<status status="PASS" starttime="20210207 14:30:38.531" endtime="20210207 14:30:38.531"></status>
</kw>
<kw name="Log" library="BuiltIn">
<doc>Logs the given message with the given level.</doc>
<arguments>
<arg>${CUSTOMER_NAME}</arg>
</arguments>
<msg timestamp="20210207 14:30:38.532" level="INFO">United Brands</msg>
<status status="PASS" starttime="20210207 14:30:38.532" endtime="20210207 14:30:38.532"></status>
</kw>
<kw name="Click Element" library="SeleniumLibrary">
<doc>Click the element identified by ``locator``.</doc>
<arguments>
<arg>${customer}</arg>
</arguments>
<msg timestamp="20210207 14:30:38.533" level="INFO">Clicking element 'css:tbody tr:nth-child(4) td:nth-child(1) a:nth-child(1)'.</msg>
<status status="PASS" starttime="20210207 14:30:38.532" endtime="20210207 14:30:38.618"></status>
</kw>
<kw name="I see the Contacts Detail Screen for this customer" library="Keywords">
<kw name="Page Should Contain Button" library="SeleniumLibrary">
<doc>Verifies button ``locator`` is found from current page.</doc>
<arguments>
<arg>${Back_to_list_button}</arg>
</arguments>
<kw name="Capture Page Screenshot" library="SeleniumLibrary">
<doc>Takes a screenshot of the current page and embeds it into a log file.</doc>
<msg timestamp="20210207 14:30:40.047" level="INFO" html="yes">&lt;/td&gt;&lt;/tr&gt;&lt;tr&gt;&lt;td colspan="3"&gt;&lt;a href="selenium-screenshot-2.png"&gt;&lt;img src="selenium-screenshot-2.png" width="800px"&gt;&lt;/a&gt;</msg>
<status status="PASS" starttime="20210207 14:30:38.690" endtime="20210207 14:30:40.048"></status>
</kw>
<msg timestamp="20210207 14:30:40.049" level="FAIL">Page should have contained button 'css:input[value='Back to the list']' but did not.</msg>
<status status="FAIL" starttime="20210207 14:30:38.620" endtime="20210207 14:30:40.049"></status>
</kw>
<status status="FAIL" starttime="20210207 14:30:38.619" endtime="20210207 14:30:40.049"></status>
</kw>
<status status="FAIL" starttime="20210207 14:30:38.489" endtime="20210207 14:30:40.049"></status>
</kw>
<status status="FAIL" starttime="20210207 14:30:37.663" endtime="20210207 14:30:40.049"></status>
</kw>
<status status="FAIL" starttime="20210207 14:30:37.663" endtime="20210207 14:30:40.050"></status>
</kw>
<status status="FAIL" starttime="20210207 14:30:30.651" endtime="20210207 14:30:40.050"></status>
</kw>
<kw name="End TestCase" library="Common" type="teardown">
<kw name="Close Browser" library="SeleniumLibrary">
<doc>Closes the current browser.</doc>
<status status="PASS" starttime="20210207 14:30:40.051" endtime="20210207 14:30:43.065"></status>
</kw>
<status status="PASS" starttime="20210207 14:30:40.051" endtime="20210207 14:30:43.065"></status>
</kw>
<tags>
<tag>User Interface Test</tag>
</tags>
<status status="FAIL" starttime="20210207 14:30:30.650" endtime="20210207 14:30:43.066" critical="yes">Page should have contained button 'css:input[value='Back to the list']' but did not.</status>
</test>
<test id="s1-t3" name="6: Alert to be presented for Customer with no contact information">
<kw name="Given I am on the Customer Detail Screen (missing info)" library="Keywords">
<kw name="I am on the Customer List Screen" library="Keywords">
<kw name="Evaluate" library="BuiltIn">
<doc>Evaluates the given expression in Python and returns the result.</doc>
<arguments>
<arg>sys.modules['selenium.webdriver'].ChromeOptions()</arg>
<arg>sys, selenium.webdriver</arg>
</arguments>
<assign>
<var>${chrome_options}</var>
</assign>
<msg timestamp="20210207 14:30:43.069" level="INFO">${chrome_options} = &lt;selenium.webdriver.chrome.options.Options object at 0x000001B854240FD0&gt;</msg>
<status status="PASS" starttime="20210207 14:30:43.069" endtime="20210207 14:30:43.069"></status>
</kw>
<kw name="Call Method" library="BuiltIn">
<doc>Calls the named method of the given object with the provided arguments.</doc>
<arguments>
<arg>${chrome_options}</arg>
<arg>add_argument</arg>
<arg>no-sandbox</arg>
</arguments>
<status status="PASS" starttime="20210207 14:30:43.069" endtime="20210207 14:30:43.070"></status>
</kw>
<kw name="Call Method" library="BuiltIn">
<doc>Calls the named method of the given object with the provided arguments.</doc>
<arguments>
<arg>${chrome_options}</arg>
<arg>add_argument</arg>
<arg>disable-dev-shm-usage</arg>
</arguments>
<status status="PASS" starttime="20210207 14:30:43.070" endtime="20210207 14:30:43.070"></status>
</kw>
<kw name="Call Method" library="BuiltIn">
<doc>Calls the named method of the given object with the provided arguments.</doc>
<arguments>
<arg>${chrome_options}</arg>
<arg>to_capabilities</arg>
</arguments>
<assign>
<var>${options}</var>
</assign>
<msg timestamp="20210207 14:30:43.070" level="INFO">${options} = {'browserName': 'chrome', 'version': '', 'platform': 'ANY', 'goog:chromeOptions': {'extensions': [], 'args': ['no-sandbox', 'disable-dev-shm-usage']}}</msg>
<status status="PASS" starttime="20210207 14:30:43.070" endtime="20210207 14:30:43.070"></status>
</kw>
<kw name="Open Browser" library="SeleniumLibrary">
<doc>Opens a new browser instance to the optional ``url``.</doc>
<arguments>
<arg>${URL}</arg>
<arg>${BROWSER}</arg>
<arg>desired_capabilities=${options}</arg>
</arguments>
<msg timestamp="20210207 14:30:43.071" level="INFO">Opening browser 'chrome' to base url 'http://localhost:3000/'.</msg>
<status status="PASS" starttime="20210207 14:30:43.071" endtime="20210207 14:30:47.610"></status>
</kw>
<kw name="Maximize Browser Window" library="SeleniumLibrary">
<doc>Maximizes current browser window.</doc>
<status status="PASS" starttime="20210207 14:30:47.610" endtime="20210207 14:30:49.774"></status>
</kw>
<kw name="Wait Until Page Contains Element" library="SeleniumLibrary">
<doc>Waits until the element ``locator`` appears on the current page.</doc>
<arguments>
<arg>${submit_button}</arg>
</arguments>
<status status="PASS" starttime="20210207 14:30:49.774" endtime="20210207 14:30:49.794"></status>
</kw>
<kw name="Input Text" library="SeleniumLibrary">
<doc>Types the given ``text`` into the text field identified by ``locator``.</doc>
<arguments>
<arg>${username_textbox}</arg>
<arg>${username}</arg>
</arguments>
<msg timestamp="20210207 14:30:49.795" level="INFO">Typing text 'Mahatma Gandhi UI Tests' into text field 'id:name'.</msg>
<status status="PASS" starttime="20210207 14:30:49.794" endtime="20210207 14:30:50.059"></status>
</kw>
<kw name="Click Button" library="SeleniumLibrary">
<doc>Clicks the button identified by ``locator``.</doc>
<arguments>
<arg>${submit_button}</arg>
</arguments>
<msg timestamp="20210207 14:30:50.060" level="INFO">Clicking button 'css:input[value='Submit']'.</msg>
<status status="PASS" starttime="20210207 14:30:50.059" endtime="20210207 14:30:50.145"></status>
</kw>
<kw name="Page Should Contain" library="SeleniumLibrary">
<doc>Verifies that current page contains ``text``.</doc>
<arguments>
<arg>${customer_list_screen_text}</arg>
</arguments>
<msg timestamp="20210207 14:30:50.220" level="INFO">Current page contains text 'Click on each of them to view their contact details.'.</msg>
<status status="PASS" starttime="20210207 14:30:50.145" endtime="20210207 14:30:50.220"></status>
</kw>
<status status="PASS" starttime="20210207 14:30:43.068" endtime="20210207 14:30:50.221"></status>
</kw>
<status status="PASS" starttime="20210207 14:30:43.068" endtime="20210207 14:30:50.221"></status>
</kw>
<kw name="When I select a customer that does not have contact information" library="Keywords">
<kw name="Click Element" library="SeleniumLibrary">
<doc>Click the element identified by ``locator``.</doc>
<arguments>
<arg>${fourth_customer}</arg>
</arguments>
<msg timestamp="20210207 14:30:50.223" level="INFO">Clicking element 'css:tbody tr:nth-child(4) td:nth-child(1) a:nth-child(1)'.</msg>
<status status="PASS" starttime="20210207 14:30:50.223" endtime="20210207 14:30:50.398"></status>
</kw>
<status status="PASS" starttime="20210207 14:30:50.222" endtime="20210207 14:30:50.398"></status>
</kw>
<kw name="Then alert message &quot;No contact info available&quot; should be presented" library="Keywords">
<kw name="Wait Until Page Contains Element" library="SeleniumLibrary">
<doc>Waits until the element ``locator`` appears on the current page.</doc>
<arguments>
<arg>${Back_to_list_button}</arg>
</arguments>
<kw name="Capture Page Screenshot" library="SeleniumLibrary">
<doc>Takes a screenshot of the current page and embeds it into a log file.</doc>
<msg timestamp="20210207 14:30:56.282" level="INFO" html="yes">&lt;/td&gt;&lt;/tr&gt;&lt;tr&gt;&lt;td colspan="3"&gt;&lt;a href="selenium-screenshot-3.png"&gt;&lt;img src="selenium-screenshot-3.png" width="800px"&gt;&lt;/a&gt;</msg>
<status status="PASS" starttime="20210207 14:30:55.461" endtime="20210207 14:30:56.283"></status>
</kw>
<msg timestamp="20210207 14:30:56.286" level="FAIL">Element 'css:input[value='Back to the list']' did not appear in 5 seconds.</msg>
<status status="FAIL" starttime="20210207 14:30:50.400" endtime="20210207 14:30:56.286"></status>
</kw>
<status status="FAIL" starttime="20210207 14:30:50.399" endtime="20210207 14:30:56.287"></status>
</kw>
<kw name="End TestCase" library="Common" type="teardown">
<kw name="Close Browser" library="SeleniumLibrary">
<doc>Closes the current browser.</doc>
<status status="PASS" starttime="20210207 14:30:56.288" endtime="20210207 14:30:58.783"></status>
</kw>
<status status="PASS" starttime="20210207 14:30:56.288" endtime="20210207 14:30:58.783"></status>
</kw>
<tags>
<tag>User Interface Test</tag>
</tags>
<status status="FAIL" starttime="20210207 14:30:43.067" endtime="20210207 14:30:58.784" critical="yes">Element 'css:input[value='Back to the list']' did not appear in 5 seconds.</status>
</test>
<doc>Hopin QA Test - UI</doc>
<status status="FAIL" starttime="20210207 14:30:14.346" endtime="20210207 14:30:58.785"></status>
</suite>
<statistics>
<total>
<stat pass="0" fail="3">Critical Tests</stat>
<stat pass="0" fail="3">All Tests</stat>
</total>
<tag>
<stat pass="0" fail="3">User Interface Test</stat>
</tag>
<suite>
<stat pass="0" fail="3" id="s1" name="Testsuiteui">Testsuiteui</stat>
</suite>
</statistics>
<errors>
</errors>
</robot>
